[35m[Appium][39m Welcome to Appium v1.22.3
[35m[Appium][39m Non-default server args:
[35m[Appium][39m   port: 64351
[35m[Appium][39m   loglevel: info
[35m[Appium][39m   tmpDir: C:\Users\shida\AppData\Local\Temp\\Katalon\Appium\Temp1671618533324
[35m[Appium][39m   chromedriverPort: 64352
[35m[Appium][39m Deprecated server args:
[35m[Appium][39m   [31m--chromedriver-port[39m => --default-capabilities
[35m[Appium][39m Default capabilities, which will be added to each request unless overridden by desired capabilities:
[35m[Appium][39m   chromedriverPort: 64352
[35m[Appium][39m Appium REST http interface listener started on 0.0.0.0:64351
[35m[HTTP][39m [37m-->[39m [37mGET[39m [37m/wd/hub/status[39m
[35m[HTTP][39m [90m{}[39m
[35m[HTTP][39m [37m<-- GET /wd/hub/status [39m[32m200[39m [90m34 ms - 68[39m
[35m[HTTP][39m [90m[39m
[35m[HTTP][39m [37m-->[39m [37mPOST[39m [37m/wd/hub/session[39m
[35m[HTTP][39m [90m{"desiredCapabilities":{"app":"C:\\Users\\shida\\Downloads\\app.apk","noReset":false,"deviceName":"vivo vivo 1918 (Android 11)","fullReset":true,"platform":"ANDROID","newCommandTimeout":1800,"platformVersion":"11","automationName":"uiautomator2","autoGrantPermissions":true,"platformName":"Android","udid":"5f98ccda","systemPort":64350},"capabilities":{"firstMatch":[{"appium:app":"C:\\Users\\shida\\Downloads\\app.apk","appium:autoGrantPermissions":true,"appium:automationName":"uiautomator2","appium:deviceName":"vivo vivo 1918 (Android 11)","appium:fullReset":true,"appium:newCommandTimeout":1800,"appium:noReset":false,"platform":"ANDROID","platformName":"android","appium:platformVersion":"11","appium:systemPort":64350,"appium:udid":"5f98ccda"}]}}[39m
[35m[BaseDriver][39m The following capabilities are not standard capabilities and should have an extension prefix:
[35m[BaseDriver][39m   platform
[35m[BaseDriver][39m   chromedriverPort
[35m[Appium][39m Appium v1.22.3 creating new AndroidUiautomator2Driver (v1.70.1) session
[35m[BaseDriver][39m The following capabilities were provided, but are not recognized by Appium:
[35m[BaseDriver][39m   platform
[35m[BaseDriver][39m Session created with session id: 13dd38d6-682b-4976-9f5e-2955a9e0d50d
[35m[BaseDriver][39m Using local app 'C:\Users\shida\Downloads\app.apk'
[35m[ADB][39m Found 1 'build-tools' folders under 'C:\Users\shida\.katalon\tools\android_sdk' (newest first):
[35m[ADB][39m     C:/Users/shida/.katalon/tools/android_sdk/build-tools/29.0.3
[35m[ADB][39m Using 'adb.exe' from 'C:\Users\shida\.katalon\tools\android_sdk\platform-tools\adb.exe'
[35m[AndroidDriver][39m Retrieving device list
[35m[AndroidDriver][39m Using device: 5f98ccda
[35m[ADB][39m Using 'adb.exe' from 'C:\Users\shida\.katalon\tools\android_sdk\platform-tools\adb.exe'
[35m[ADB][39m Getting device platform version
[35m[UiAutomator2][39m Relaxing hidden api policy
[35m[ADB][39m Package name: 'com.example.fgd_flutter'
[35m[ADB][39m Main activity name: 'com.example.fgd_flutter.MainActivity'
[35m[ADB][39m Using 'apksigner.jar' from 'C:\Users\shida\.katalon\tools\android_sdk\build-tools\29.0.3\lib\apksigner.jar'
[35m[ADB][39m 'C:\Users\shida\AppData\Roaming\npm\node_modules\appium\node_modules\appium-uiautomator2-server\apks\appium-uiautomator2-server-v4.27.0.apk' is signed with the default certificate
[35m[ADB][39m 'C:\Users\shida\AppData\Roaming\npm\node_modules\appium\node_modules\appium-uiautomator2-server\apks\appium-uiautomator2-server-debug-androidTest.apk' is signed with the default certificate
[35m[UiAutomator2][39m Server packages are not going to be (re)installed
[35m[ADB][39m Adding packages ["io.appium.settings","io.appium.uiautomator2.server","io.appium.uiautomator2.server.test"] to Doze whitelist
[35m[ADB][39m 'C:\Users\shida\Downloads\app.apk' is signed with a non-default certificate
[35m[ADB][39m com.example.fgd_flutter was successfully uninstalled
[35m[ADB][39m The application at 'C:\Users\shida\Downloads\app.apk' will not be cached, because the device under test has confirmed the support of streamed installs
[35m[ADB][39m The installation of 'app.apk' took 9192ms
[35m[UiAutomator2][39m Starting UIAutomator2 server 4.27.0
[35m[UiAutomator2][39m Using UIAutomator2 server from 'C:\Users\shida\AppData\Roaming\npm\node_modules\appium\node_modules\appium-uiautomator2-server\apks\appium-uiautomator2-server-v4.27.0.apk' and test from 'C:\Users\shida\AppData\Roaming\npm\node_modules\appium\node_modules\appium-uiautomator2-server\apks\appium-uiautomator2-server-debug-androidTest.apk'
[35m[UiAutomator2][39m Waiting up to 30000ms for UiAutomator2 to be online...
[35m[WD Proxy][39m socket hang up
[35m[WD Proxy][39m socket hang up
[35m[WD Proxy][39m socket hang up
[35m[WD Proxy][39m Determined the downstream protocol as 'W3C'
[35m[AndroidDriver][39m Screen already unlocked, doing nothing
[35m[UiAutomator2][39m Starting 'com.example.fgd_flutter/com.example.fgd_flutter.MainActivity and waiting for 'com.example.fgd_flutter/com.example.fgd_flutter.MainActivity'
[35m[Appium][39m New AndroidUiautomator2Driver session created successfully, session 13dd38d6-682b-4976-9f5e-2955a9e0d50d added to master session list
[35m[HTTP][39m [37m<-- POST /wd/hub/session [39m[32m200[39m [90m29622 ms - 1211[39m
[35m[HTTP][39m [90m[39m
[35m[HTTP][39m [37m-->[39m [37mGET[39m [37m/wd/hub/session/13dd38d6-682b-4976-9f5e-2955a9e0d50d[39m
[35m[HTTP][39m [90m{}[39m
[35m[HTTP][39m [37m<-- GET /wd/hub/session/13dd38d6-682b-4976-9f5e-2955a9e0d50d [39m[32m200[39m [90m44 ms - 1165[39m
[35m[HTTP][39m [90m[39m
[35m[HTTP][39m [37m-->[39m [37mGET[39m [37m/wd/hub/session/13dd38d6-682b-4976-9f5e-2955a9e0d50d[39m
[35m[HTTP][39m [90m{}[39m
[35m[HTTP][39m [37m<-- GET /wd/hub/session/13dd38d6-682b-4976-9f5e-2955a9e0d50d [39m[32m200[39m [90m31 ms - 1165[39m
[35m[HTTP][39m [90m[39m
[35m[HTTP][39m [37m-->[39m [37mGET[39m [37m/wd/hub/status[39m
[35m[HTTP][39m [90m{}[39m
[35m[HTTP][39m [37m<-- GET /wd/hub/status [39m[32m200[39m [90m2 ms - 68[39m
[35m[HTTP][39m [90m[39m
[35m[HTTP][39m [37m-->[39m [37mPOST[39m [37m/wd/hub/session/13dd38d6-682b-4976-9f5e-2955a9e0d50d/timeouts[39m
[35m[HTTP][39m [90m{"implicit":30000}[39m
[35m[HTTP][39m [37m<-- POST /wd/hub/session/13dd38d6-682b-4976-9f5e-2955a9e0d50d/timeouts [39m[32m200[39m [90m5 ms - 14[39m
[35m[HTTP][39m [90m[39m
[35m[HTTP][39m [37m-->[39m [37mGET[39m [37m/wd/hub/session/13dd38d6-682b-4976-9f5e-2955a9e0d50d/screenshot[39m
[35m[HTTP][39m [90m{}[39m
[35m[HTTP][39m [37m<-- GET /wd/hub/session/13dd38d6-682b-4976-9f5e-2955a9e0d50d/screenshot [39m[32m200[39m [90m1027 ms - 584316[39m
[35m[HTTP][39m [90m[39m
[35m[HTTP][39m [37m-->[39m [37mGET[39m [37m/wd/hub/session/13dd38d6-682b-4976-9f5e-2955a9e0d50d/window/rect[39m
[35m[HTTP][39m [90m{}[39m
[35m[HTTP][39m [37m<-- GET /wd/hub/session/13dd38d6-682b-4976-9f5e-2955a9e0d50d/window/rect [39m[32m200[39m [90m41 ms - 50[39m
[35m[HTTP][39m [90m[39m
[35m[HTTP][39m [37m-->[39m [37mGET[39m [37m/wd/hub/session/13dd38d6-682b-4976-9f5e-2955a9e0d50d/appium/device/system_bars[39m
[35m[HTTP][39m [90m{}[39m
[35m[HTTP][39m [37m<-- GET /wd/hub/session/13dd38d6-682b-4976-9f5e-2955a9e0d50d/appium/device/system_bars [39m[31m500[39m [90m290 ms - 647[39m
[35m[HTTP][39m [90m[39m
[35m[HTTP][39m [37m-->[39m [37mPOST[39m [37m/wd/hub/session/13dd38d6-682b-4976-9f5e-2955a9e0d50d/execute/sync[39m
[35m[HTTP][39m [90m{"script":"mobile:viewportRect","args":[]}[39m
[35m[AndroidDriver][39m Executing native command 'mobile:viewportRect'
[35m[HTTP][39m [37m<-- POST /wd/hub/session/13dd38d6-682b-4976-9f5e-2955a9e0d50d/execute/sync [39m[32m200[39m [90m29 ms - 56[39m
[35m[HTTP][39m [90m[39m
[35m[HTTP][39m [37m-->[39m [37mPOST[39m [37m/wd/hub/session/13dd38d6-682b-4976-9f5e-2955a9e0d50d/timeouts[39m
[35m[HTTP][39m [90m{"implicit":50}[39m
[35m[HTTP][39m [37m<-- POST /wd/hub/session/13dd38d6-682b-4976-9f5e-2955a9e0d50d/timeouts [39m[32m200[39m [90m4 ms - 14[39m
[35m[HTTP][39m [90m[39m
[35m[HTTP][39m [37m-->[39m [37mGET[39m [37m/wd/hub/session/13dd38d6-682b-4976-9f5e-2955a9e0d50d/window/rect[39m
[35m[HTTP][39m [90m{}[39m
[35m[HTTP][39m [37m<-- GET /wd/hub/session/13dd38d6-682b-4976-9f5e-2955a9e0d50d/window/rect [39m[32m200[39m [90m129 ms - 50[39m
[35m[HTTP][39m [90m[39m
[35m[HTTP][39m [37m-->[39m [37mPOST[39m [37m/wd/hub/session/13dd38d6-682b-4976-9f5e-2955a9e0d50d/elements[39m
[35m[HTTP][39m [90m{"using":"accessibility id","value":"Sing up here!"}[39m
[35m[HTTP][39m [37m<-- POST /wd/hub/session/13dd38d6-682b-4976-9f5e-2955a9e0d50d/elements [39m[32m200[39m [90m134 ms - 139[39m
[35m[HTTP][39m [90m[39m
[35m[HTTP][39m [37m-->[39m [37mGET[39m [37m/wd/hub/session/13dd38d6-682b-4976-9f5e-2955a9e0d50d/element/00000000-0000-03c4-0000-002200000003/location[39m
[35m[HTTP][39m [90m{}[39m
[35m[W3C (13dd38d6)][39m Driver proxy active, passing request on via HTTP proxy
[35m[WD Proxy][39m Replacing sessionId b2d40b61-80cc-4f6c-a6bd-2dd8b3413d8a with 13dd38d6-682b-4976-9f5e-2955a9e0d50d
[35m[HTTP][39m [37m<-- GET /wd/hub/session/13dd38d6-682b-4976-9f5e-2955a9e0d50d/element/00000000-0000-03c4-0000-002200000003/location [39m[32m200[39m [90m63 ms - 79[39m
[35m[HTTP][39m [90m[39m
[35m[HTTP][39m [37m-->[39m [37mPOST[39m [37m/wd/hub/session/13dd38d6-682b-4976-9f5e-2955a9e0d50d/timeouts[39m
[35m[HTTP][39m [90m{"implicit":30000}[39m
[35m[HTTP][39m [37m<-- POST /wd/hub/session/13dd38d6-682b-4976-9f5e-2955a9e0d50d/timeouts [39m[32m200[39m [90m3 ms - 14[39m
[35m[HTTP][39m [90m[39m
[35m[HTTP][39m [37m-->[39m [37mPOST[39m [37m/wd/hub/session/13dd38d6-682b-4976-9f5e-2955a9e0d50d/element/00000000-0000-03c4-0000-002200000003/click[39m
[35m[HTTP][39m [90m{"id":"00000000-0000-03c4-0000-002200000003"}[39m
[35m[HTTP][39m [37m<-- POST /wd/hub/session/13dd38d6-682b-4976-9f5e-2955a9e0d50d/element/00000000-0000-03c4-0000-002200000003/click [39m[32m200[39m [90m139 ms - 14[39m
[35m[HTTP][39m [90m[39m
[35m[HTTP][39m [37m-->[39m [37mPOST[39m [37m/wd/hub/session/13dd38d6-682b-4976-9f5e-2955a9e0d50d/timeouts[39m
[35m[HTTP][39m [90m{"implicit":50}[39m
[35m[HTTP][39m [37m<-- POST /wd/hub/session/13dd38d6-682b-4976-9f5e-2955a9e0d50d/timeouts [39m[32m200[39m [90m3 ms - 14[39m
[35m[HTTP][39m [90m[39m
[35m[HTTP][39m [37m-->[39m [37mGET[39m [37m/wd/hub/session/13dd38d6-682b-4976-9f5e-2955a9e0d50d/window/rect[39m
[35m[HTTP][39m [90m{}[39m
[35m[HTTP][39m [37m<-- GET /wd/hub/session/13dd38d6-682b-4976-9f5e-2955a9e0d50d/window/rect [39m[32m200[39m [90m24 ms - 50[39m
[35m[HTTP][39m [90m[39m
[35m[HTTP][39m [37m-->[39m [37mPOST[39m [37m/wd/hub/session/13dd38d6-682b-4976-9f5e-2955a9e0d50d/elements[39m
[35m[HTTP][39m [90m{"using":"xpath","value":"//*[@class = 'android.widget.EditText' and (@text = 'Username' or . = 'Username') and @resource-id = '']"}[39m
[35m[HTTP][39m [37m<-- POST /wd/hub/session/13dd38d6-682b-4976-9f5e-2955a9e0d50d/elements [39m[32m200[39m [90m1330 ms - 139[39m
[35m[HTTP][39m [90m[39m
[35m[HTTP][39m [37m-->[39m [37mGET[39m [37m/wd/hub/session/13dd38d6-682b-4976-9f5e-2955a9e0d50d/element/00000000-0000-03c4-0000-002f00000003/location[39m
[35m[HTTP][39m [90m{}[39m
[35m[W3C (13dd38d6)][39m Driver proxy active, passing request on via HTTP proxy
[35m[WD Proxy][39m Replacing sessionId b2d40b61-80cc-4f6c-a6bd-2dd8b3413d8a with 13dd38d6-682b-4976-9f5e-2955a9e0d50d
[35m[HTTP][39m [37m<-- GET /wd/hub/session/13dd38d6-682b-4976-9f5e-2955a9e0d50d/element/00000000-0000-03c4-0000-002f00000003/location [39m[32m200[39m [90m29 ms - 77[39m
[35m[HTTP][39m [90m[39m
[35m[HTTP][39m [37m-->[39m [37mPOST[39m [37m/wd/hub/session/13dd38d6-682b-4976-9f5e-2955a9e0d50d/timeouts[39m
[35m[HTTP][39m [90m{"implicit":30000}[39m
[35m[HTTP][39m [37m<-- POST /wd/hub/session/13dd38d6-682b-4976-9f5e-2955a9e0d50d/timeouts [39m[32m200[39m [90m2 ms - 14[39m
[35m[HTTP][39m [90m[39m
[35m[HTTP][39m [37m-->[39m [37mPOST[39m [37m/wd/hub/session/13dd38d6-682b-4976-9f5e-2955a9e0d50d/element/00000000-0000-03c4-0000-002f00000003/click[39m
[35m[HTTP][39m [90m{"id":"00000000-0000-03c4-0000-002f00000003"}[39m
[35m[HTTP][39m [37m<-- POST /wd/hub/session/13dd38d6-682b-4976-9f5e-2955a9e0d50d/element/00000000-0000-03c4-0000-002f00000003/click [39m[32m200[39m [90m93 ms - 14[39m
[35m[HTTP][39m [90m[39m
[35m[HTTP][39m [37m-->[39m [37mPOST[39m [37m/wd/hub/session/13dd38d6-682b-4976-9f5e-2955a9e0d50d/timeouts[39m
[35m[HTTP][39m [90m{"implicit":50}[39m
[35m[HTTP][39m [37m<-- POST /wd/hub/session/13dd38d6-682b-4976-9f5e-2955a9e0d50d/timeouts [39m[32m200[39m [90m2 ms - 14[39m
[35m[HTTP][39m [90m[39m
[35m[HTTP][39m [37m-->[39m [37mGET[39m [37m/wd/hub/session/13dd38d6-682b-4976-9f5e-2955a9e0d50d/window/rect[39m
[35m[HTTP][39m [90m{}[39m
[35m[HTTP][39m [37m<-- GET /wd/hub/session/13dd38d6-682b-4976-9f5e-2955a9e0d50d/window/rect [39m[32m200[39m [90m26 ms - 50[39m
[35m[HTTP][39m [90m[39m
[35m[HTTP][39m [37m-->[39m [37mPOST[39m [37m/wd/hub/session/13dd38d6-682b-4976-9f5e-2955a9e0d50d/elements[39m
[35m[HTTP][39m [90m{"using":"xpath","value":"//*[@class = 'android.widget.EditText' and (@text = 'Username\nUsername' or . = 'Username\nUsername') and @resource-id = '']"}[39m
[35m[HTTP][39m [37m<-- POST /wd/hub/session/13dd38d6-682b-4976-9f5e-2955a9e0d50d/elements [39m[32m200[39m [90m1302 ms - 139[39m
[35m[HTTP][39m [90m[39m
[35m[HTTP][39m [37m-->[39m [37mGET[39m [37m/wd/hub/session/13dd38d6-682b-4976-9f5e-2955a9e0d50d/element/00000000-0000-03c4-0000-002f00000003/location[39m
[35m[HTTP][39m [90m{}[39m
[35m[W3C (13dd38d6)][39m Driver proxy active, passing request on via HTTP proxy
[35m[WD Proxy][39m Replacing sessionId b2d40b61-80cc-4f6c-a6bd-2dd8b3413d8a with 13dd38d6-682b-4976-9f5e-2955a9e0d50d
[35m[HTTP][39m [37m<-- GET /wd/hub/session/13dd38d6-682b-4976-9f5e-2955a9e0d50d/element/00000000-0000-03c4-0000-002f00000003/location [39m[32m200[39m [90m50 ms - 77[39m
[35m[HTTP][39m [90m[39m
[35m[HTTP][39m [37m-->[39m [37mPOST[39m [37m/wd/hub/session/13dd38d6-682b-4976-9f5e-2955a9e0d50d/timeouts[39m
[35m[HTTP][39m [90m{"implicit":30000}[39m
[35m[HTTP][39m [37m<-- POST /wd/hub/session/13dd38d6-682b-4976-9f5e-2955a9e0d50d/timeouts [39m[32m200[39m [90m2 ms - 14[39m
[35m[HTTP][39m [90m[39m
[35m[HTTP][39m [37m-->[39m [37mPOST[39m [37m/wd/hub/session/13dd38d6-682b-4976-9f5e-2955a9e0d50d/element/00000000-0000-03c4-0000-002f00000003/clear[39m
[35m[HTTP][39m [90m{"id":"00000000-0000-03c4-0000-002f00000003"}[39m
[35m[HTTP][39m [37m<-- POST /wd/hub/session/13dd38d6-682b-4976-9f5e-2955a9e0d50d/element/00000000-0000-03c4-0000-002f00000003/clear [39m[32m200[39m [90m41 ms - 14[39m
[35m[HTTP][39m [90m[39m
[35m[HTTP][39m [37m-->[39m [37mPOST[39m [37m/wd/hub/session/13dd38d6-682b-4976-9f5e-2955a9e0d50d/element/00000000-0000-03c4-0000-002f00000003/value[39m
[35m[HTTP][39m [90m{"id":"00000000-0000-03c4-0000-002f00000003","text":"mobiletesting02","value":["m","o","b","i","l","e","t","e","s","t","i","n","g","0","2"]}[39m
[35m[HTTP][39m [37m<-- POST /wd/hub/session/13dd38d6-682b-4976-9f5e-2955a9e0d50d/element/00000000-0000-03c4-0000-002f00000003/value [39m[32m200[39m [90m98 ms - 14[39m
[35m[HTTP][39m [90m[39m
[35m[HTTP][39m [37m-->[39m [37mPOST[39m [37m/wd/hub/session/13dd38d6-682b-4976-9f5e-2955a9e0d50d/timeouts[39m
[35m[HTTP][39m [90m{"implicit":50}[39m
[35m[HTTP][39m [37m<-- POST /wd/hub/session/13dd38d6-682b-4976-9f5e-2955a9e0d50d/timeouts [39m[32m200[39m [90m2 ms - 14[39m
[35m[HTTP][39m [90m[39m
[35m[HTTP][39m [37m-->[39m [37mGET[39m [37m/wd/hub/session/13dd38d6-682b-4976-9f5e-2955a9e0d50d/window/rect[39m
[35m[HTTP][39m [90m{}[39m
[35m[HTTP][39m [37m<-- GET /wd/hub/session/13dd38d6-682b-4976-9f5e-2955a9e0d50d/window/rect [39m[32m200[39m [90m20 ms - 50[39m
[35m[HTTP][39m [90m[39m
[35m[HTTP][39m [37m-->[39m [37mPOST[39m [37m/wd/hub/session/13dd38d6-682b-4976-9f5e-2955a9e0d50d/elements[39m
[35m[HTTP][39m [90m{"using":"xpath","value":"//*[@class = 'android.widget.EditText' and (@text = 'Name' or . = 'Name') and @resource-id = '']"}[39m
[35m[HTTP][39m [37m<-- POST /wd/hub/session/13dd38d6-682b-4976-9f5e-2955a9e0d50d/elements [39m[32m200[39m [90m522 ms - 139[39m
[35m[HTTP][39m [90m[39m
[35m[HTTP][39m [37m-->[39m [37mGET[39m [37m/wd/hub/session/13dd38d6-682b-4976-9f5e-2955a9e0d50d/element/00000000-0000-03c4-0000-003000000003/location[39m
[35m[HTTP][39m [90m{}[39m
[35m[W3C (13dd38d6)][39m Driver proxy active, passing request on via HTTP proxy
[35m[WD Proxy][39m Replacing sessionId b2d40b61-80cc-4f6c-a6bd-2dd8b3413d8a with 13dd38d6-682b-4976-9f5e-2955a9e0d50d
[35m[HTTP][39m [37m<-- GET /wd/hub/session/13dd38d6-682b-4976-9f5e-2955a9e0d50d/element/00000000-0000-03c4-0000-003000000003/location [39m[32m200[39m [90m34 ms - 77[39m
[35m[HTTP][39m [90m[39m
[35m[HTTP][39m [37m-->[39m [37mPOST[39m [37m/wd/hub/session/13dd38d6-682b-4976-9f5e-2955a9e0d50d/timeouts[39m
[35m[HTTP][39m [90m{"implicit":30000}[39m
[35m[HTTP][39m [37m<-- POST /wd/hub/session/13dd38d6-682b-4976-9f5e-2955a9e0d50d/timeouts [39m[32m200[39m [90m2 ms - 14[39m
[35m[HTTP][39m [90m[39m
[35m[HTTP][39m [37m-->[39m [37mPOST[39m [37m/wd/hub/session/13dd38d6-682b-4976-9f5e-2955a9e0d50d/element/00000000-0000-03c4-0000-003000000003/click[39m
[35m[HTTP][39m [90m{"id":"00000000-0000-03c4-0000-003000000003"}[39m
[35m[HTTP][39m [37m<-- POST /wd/hub/session/13dd38d6-682b-4976-9f5e-2955a9e0d50d/element/00000000-0000-03c4-0000-003000000003/click [39m[32m200[39m [90m89 ms - 14[39m
[35m[HTTP][39m [90m[39m
[35m[HTTP][39m [37m-->[39m [37mPOST[39m [37m/wd/hub/session/13dd38d6-682b-4976-9f5e-2955a9e0d50d/timeouts[39m
[35m[HTTP][39m [90m{"implicit":50}[39m
[35m[HTTP][39m [37m<-- POST /wd/hub/session/13dd38d6-682b-4976-9f5e-2955a9e0d50d/timeouts [39m[32m200[39m [90m5 ms - 14[39m
[35m[HTTP][39m [90m[39m
[35m[HTTP][39m [37m-->[39m [37mGET[39m [37m/wd/hub/session/13dd38d6-682b-4976-9f5e-2955a9e0d50d/window/rect[39m
[35m[HTTP][39m [90m{}[39m
[35m[HTTP][39m [37m<-- GET /wd/hub/session/13dd38d6-682b-4976-9f5e-2955a9e0d50d/window/rect [39m[32m200[39m [90m42 ms - 50[39m
[35m[HTTP][39m [90m[39m
[35m[HTTP][39m [37m-->[39m [37mPOST[39m [37m/wd/hub/session/13dd38d6-682b-4976-9f5e-2955a9e0d50d/elements[39m
[35m[HTTP][39m [90m{"using":"xpath","value":"//*[@class = 'android.widget.EditText' and (@text = 'Name\nName' or . = 'Name\nName') and @resource-id = '']"}[39m
[35m[HTTP][39m [37m<-- POST /wd/hub/session/13dd38d6-682b-4976-9f5e-2955a9e0d50d/elements [39m[32m200[39m [90m546 ms - 139[39m
[35m[HTTP][39m [90m[39m
[35m[HTTP][39m [37m-->[39m [37mGET[39m [37m/wd/hub/session/13dd38d6-682b-4976-9f5e-2955a9e0d50d/element/00000000-0000-03c4-0000-003000000003/location[39m
[35m[HTTP][39m [90m{}[39m
[35m[W3C (13dd38d6)][39m Driver proxy active, passing request on via HTTP proxy
[35m[WD Proxy][39m Replacing sessionId b2d40b61-80cc-4f6c-a6bd-2dd8b3413d8a with 13dd38d6-682b-4976-9f5e-2955a9e0d50d
[35m[HTTP][39m [37m<-- GET /wd/hub/session/13dd38d6-682b-4976-9f5e-2955a9e0d50d/element/00000000-0000-03c4-0000-003000000003/location [39m[32m200[39m [90m62 ms - 77[39m
[35m[HTTP][39m [90m[39m
[35m[HTTP][39m [37m-->[39m [37mPOST[39m [37m/wd/hub/session/13dd38d6-682b-4976-9f5e-2955a9e0d50d/timeouts[39m
[35m[HTTP][39m [90m{"implicit":30000}[39m
[35m[HTTP][39m [37m<-- POST /wd/hub/session/13dd38d6-682b-4976-9f5e-2955a9e0d50d/timeouts [39m[32m200[39m [90m2 ms - 14[39m
[35m[HTTP][39m [90m[39m
[35m[HTTP][39m [37m-->[39m [37mPOST[39m [37m/wd/hub/session/13dd38d6-682b-4976-9f5e-2955a9e0d50d/element/00000000-0000-03c4-0000-003000000003/clear[39m
[35m[HTTP][39m [90m{"id":"00000000-0000-03c4-0000-003000000003"}[39m
[35m[HTTP][39m [37m<-- POST /wd/hub/session/13dd38d6-682b-4976-9f5e-2955a9e0d50d/element/00000000-0000-03c4-0000-003000000003/clear [39m[32m200[39m [90m43 ms - 14[39m
[35m[HTTP][39m [90m[39m
[35m[HTTP][39m [37m-->[39m [37mPOST[39m [37m/wd/hub/session/13dd38d6-682b-4976-9f5e-2955a9e0d50d/element/00000000-0000-03c4-0000-003000000003/value[39m
[35m[HTTP][39m [90m{"id":"00000000-0000-03c4-0000-003000000003","text":"mobile-qe","value":["m","o","b","i","l","e","-","q","e"]}[39m
[35m[HTTP][39m [37m<-- POST /wd/hub/session/13dd38d6-682b-4976-9f5e-2955a9e0d50d/element/00000000-0000-03c4-0000-003000000003/value [39m[32m200[39m [90m117 ms - 14[39m
[35m[HTTP][39m [90m[39m
[35m[HTTP][39m [37m-->[39m [37mPOST[39m [37m/wd/hub/session/13dd38d6-682b-4976-9f5e-2955a9e0d50d/timeouts[39m
[35m[HTTP][39m [90m{"implicit":50}[39m
[35m[HTTP][39m [37m<-- POST /wd/hub/session/13dd38d6-682b-4976-9f5e-2955a9e0d50d/timeouts [39m[32m200[39m [90m2 ms - 14[39m
[35m[HTTP][39m [90m[39m
[35m[HTTP][39m [37m-->[39m [37mGET[39m [37m/wd/hub/session/13dd38d6-682b-4976-9f5e-2955a9e0d50d/window/rect[39m
[35m[HTTP][39m [90m{}[39m
[35m[HTTP][39m [37m<-- GET /wd/hub/session/13dd38d6-682b-4976-9f5e-2955a9e0d50d/window/rect [39m[32m200[39m [90m35 ms - 50[39m
[35m[HTTP][39m [90m[39m
[35m[HTTP][39m [37m-->[39m [37mPOST[39m [37m/wd/hub/session/13dd38d6-682b-4976-9f5e-2955a9e0d50d/elements[39m
[35m[HTTP][39m [90m{"using":"xpath","value":"//*[@class = 'android.widget.EditText' and (@text = 'Email Address' or . = 'Email Address') and @resource-id = '']"}[39m
[35m[HTTP][39m [37m<-- POST /wd/hub/session/13dd38d6-682b-4976-9f5e-2955a9e0d50d/elements [39m[32m200[39m [90m532 ms - 139[39m
[35m[HTTP][39m [90m[39m
[35m[HTTP][39m [37m-->[39m [37mGET[39m [37m/wd/hub/session/13dd38d6-682b-4976-9f5e-2955a9e0d50d/element/00000000-0000-03c4-0000-003100000003/location[39m
[35m[HTTP][39m [90m{}[39m
[35m[W3C (13dd38d6)][39m Driver proxy active, passing request on via HTTP proxy
[35m[WD Proxy][39m Replacing sessionId b2d40b61-80cc-4f6c-a6bd-2dd8b3413d8a with 13dd38d6-682b-4976-9f5e-2955a9e0d50d
[35m[HTTP][39m [37m<-- GET /wd/hub/session/13dd38d6-682b-4976-9f5e-2955a9e0d50d/element/00000000-0000-03c4-0000-003100000003/location [39m[32m200[39m [90m31 ms - 78[39m
[35m[HTTP][39m [90m[39m
[35m[HTTP][39m [37m-->[39m [37mPOST[39m [37m/wd/hub/session/13dd38d6-682b-4976-9f5e-2955a9e0d50d/timeouts[39m
[35m[HTTP][39m [90m{"implicit":30000}[39m
[35m[HTTP][39m [37m<-- POST /wd/hub/session/13dd38d6-682b-4976-9f5e-2955a9e0d50d/timeouts [39m[32m200[39m [90m2 ms - 14[39m
[35m[HTTP][39m [90m[39m
[35m[HTTP][39m [37m-->[39m [37mPOST[39m [37m/wd/hub/session/13dd38d6-682b-4976-9f5e-2955a9e0d50d/element/00000000-0000-03c4-0000-003100000003/click[39m
[35m[HTTP][39m [90m{"id":"00000000-0000-03c4-0000-003100000003"}[39m
[35m[HTTP][39m [37m<-- POST /wd/hub/session/13dd38d6-682b-4976-9f5e-2955a9e0d50d/element/00000000-0000-03c4-0000-003100000003/click [39m[32m200[39m [90m97 ms - 14[39m
[35m[HTTP][39m [90m[39m
[35m[HTTP][39m [37m-->[39m [37mPOST[39m [37m/wd/hub/session/13dd38d6-682b-4976-9f5e-2955a9e0d50d/timeouts[39m
[35m[HTTP][39m [90m{"implicit":50}[39m
[35m[HTTP][39m [37m<-- POST /wd/hub/session/13dd38d6-682b-4976-9f5e-2955a9e0d50d/timeouts [39m[32m200[39m [90m5 ms - 14[39m
[35m[HTTP][39m [90m[39m
[35m[HTTP][39m [37m-->[39m [37mGET[39m [37m/wd/hub/session/13dd38d6-682b-4976-9f5e-2955a9e0d50d/window/rect[39m
[35m[HTTP][39m [90m{}[39m
[35m[HTTP][39m [37m<-- GET /wd/hub/session/13dd38d6-682b-4976-9f5e-2955a9e0d50d/window/rect [39m[32m200[39m [90m24 ms - 50[39m
[35m[HTTP][39m [90m[39m
[35m[HTTP][39m [37m-->[39m [37mPOST[39m [37m/wd/hub/session/13dd38d6-682b-4976-9f5e-2955a9e0d50d/elements[39m
[35m[HTTP][39m [90m{"using":"xpath","value":"//*[@class = 'android.widget.EditText' and (@text = 'Email Address\nEmail Address' or . = 'Email Address\nEmail Address') and @resource-id = '']"}[39m
[35m[HTTP][39m [37m<-- POST /wd/hub/session/13dd38d6-682b-4976-9f5e-2955a9e0d50d/elements [39m[32m200[39m [90m512 ms - 139[39m
[35m[HTTP][39m [90m[39m
[35m[HTTP][39m [37m-->[39m [37mGET[39m [37m/wd/hub/session/13dd38d6-682b-4976-9f5e-2955a9e0d50d/element/00000000-0000-03c4-0000-003100000003/location[39m
[35m[HTTP][39m [90m{}[39m
[35m[W3C (13dd38d6)][39m Driver proxy active, passing request on via HTTP proxy
[35m[WD Proxy][39m Replacing sessionId b2d40b61-80cc-4f6c-a6bd-2dd8b3413d8a with 13dd38d6-682b-4976-9f5e-2955a9e0d50d
[35m[HTTP][39m [37m<-- GET /wd/hub/session/13dd38d6-682b-4976-9f5e-2955a9e0d50d/element/00000000-0000-03c4-0000-003100000003/location [39m[32m200[39m [90m34 ms - 78[39m
[35m[HTTP][39m [90m[39m
[35m[HTTP][39m [37m-->[39m [37mPOST[39m [37m/wd/hub/session/13dd38d6-682b-4976-9f5e-2955a9e0d50d/timeouts[39m
[35m[HTTP][39m [90m{"implicit":30000}[39m
[35m[HTTP][39m [37m<-- POST /wd/hub/session/13dd38d6-682b-4976-9f5e-2955a9e0d50d/timeouts [39m[32m200[39m [90m2 ms - 14[39m
[35m[HTTP][39m [90m[39m
[35m[HTTP][39m [37m-->[39m [37mPOST[39m [37m/wd/hub/session/13dd38d6-682b-4976-9f5e-2955a9e0d50d/element/00000000-0000-03c4-0000-003100000003/clear[39m
[35m[HTTP][39m [90m{"id":"00000000-0000-03c4-0000-003100000003"}[39m
[35m[HTTP][39m [37m<-- POST /wd/hub/session/13dd38d6-682b-4976-9f5e-2955a9e0d50d/element/00000000-0000-03c4-0000-003100000003/clear [39m[32m200[39m [90m54 ms - 14[39m
[35m[HTTP][39m [90m[39m
[35m[HTTP][39m [37m-->[39m [37mPOST[39m [37m/wd/hub/session/13dd38d6-682b-4976-9f5e-2955a9e0d50d/element/00000000-0000-03c4-0000-003100000003/value[39m
[35m[HTTP][39m [90m{"id":"00000000-0000-03c4-0000-003100000003","text":"mobiletesting@gmail.com","value":["m","o","b","i","l","e","t","e","s","t","i","n","g","@","g","m","a","i","l",".","c","o","m"]}[39m
[35m[HTTP][39m [37m<-- POST /wd/hub/session/13dd38d6-682b-4976-9f5e-2955a9e0d50d/element/00000000-0000-03c4-0000-003100000003/value [39m[32m200[39m [90m79 ms - 14[39m
[35m[HTTP][39m [90m[39m
[35m[HTTP][39m [37m-->[39m [37mPOST[39m [37m/wd/hub/session/13dd38d6-682b-4976-9f5e-2955a9e0d50d/timeouts[39m
[35m[HTTP][39m [90m{"implicit":50}[39m
[35m[HTTP][39m [37m<-- POST /wd/hub/session/13dd38d6-682b-4976-9f5e-2955a9e0d50d/timeouts [39m[32m200[39m [90m4 ms - 14[39m
[35m[HTTP][39m [90m[39m
[35m[HTTP][39m [37m-->[39m [37mGET[39m [37m/wd/hub/session/13dd38d6-682b-4976-9f5e-2955a9e0d50d/window/rect[39m
[35m[HTTP][39m [90m{}[39m
[35m[HTTP][39m [37m<-- GET /wd/hub/session/13dd38d6-682b-4976-9f5e-2955a9e0d50d/window/rect [39m[32m200[39m [90m19 ms - 50[39m
[35m[HTTP][39m [90m[39m
[35m[HTTP][39m [37m-->[39m [37mPOST[39m [37m/wd/hub/session/13dd38d6-682b-4976-9f5e-2955a9e0d50d/elements[39m
[35m[HTTP][39m [90m{"using":"xpath","value":"//*[@class = 'android.widget.EditText' and (@text = 'Password' or . = 'Password') and @resource-id = '']"}[39m
[35m[HTTP][39m [37m<-- POST /wd/hub/session/13dd38d6-682b-4976-9f5e-2955a9e0d50d/elements [39m[32m200[39m [90m454 ms - 139[39m
[35m[HTTP][39m [90m[39m
[35m[HTTP][39m [37m-->[39m [37mGET[39m [37m/wd/hub/session/13dd38d6-682b-4976-9f5e-2955a9e0d50d/element/00000000-0000-03c4-0000-003200000003/location[39m
[35m[HTTP][39m [90m{}[39m
[35m[W3C (13dd38d6)][39m Driver proxy active, passing request on via HTTP proxy
[35m[WD Proxy][39m Replacing sessionId b2d40b61-80cc-4f6c-a6bd-2dd8b3413d8a with 13dd38d6-682b-4976-9f5e-2955a9e0d50d
[35m[HTTP][39m [37m<-- GET /wd/hub/session/13dd38d6-682b-4976-9f5e-2955a9e0d50d/element/00000000-0000-03c4-0000-003200000003/location [39m[32m200[39m [90m31 ms - 78[39m
[35m[HTTP][39m [90m[39m
[35m[HTTP][39m [37m-->[39m [37mPOST[39m [37m/wd/hub/session/13dd38d6-682b-4976-9f5e-2955a9e0d50d/timeouts[39m
[35m[HTTP][39m [90m{"implicit":30000}[39m
[35m[HTTP][39m [37m<-- POST /wd/hub/session/13dd38d6-682b-4976-9f5e-2955a9e0d50d/timeouts [39m[32m200[39m [90m2 ms - 14[39m
[35m[HTTP][39m [90m[39m
[35m[HTTP][39m [37m-->[39m [37mPOST[39m [37m/wd/hub/session/13dd38d6-682b-4976-9f5e-2955a9e0d50d/element/00000000-0000-03c4-0000-003200000003/click[39m
[35m[HTTP][39m [90m{"id":"00000000-0000-03c4-0000-003200000003"}[39m
[35m[HTTP][39m [37m<-- POST /wd/hub/session/13dd38d6-682b-4976-9f5e-2955a9e0d50d/element/00000000-0000-03c4-0000-003200000003/click [39m[32m200[39m [90m93 ms - 14[39m
[35m[HTTP][39m [90m[39m
[35m[HTTP][39m [37m-->[39m [37mPOST[39m [37m/wd/hub/session/13dd38d6-682b-4976-9f5e-2955a9e0d50d/timeouts[39m
[35m[HTTP][39m [90m{"implicit":50}[39m
[35m[HTTP][39m [37m<-- POST /wd/hub/session/13dd38d6-682b-4976-9f5e-2955a9e0d50d/timeouts [39m[32m200[39m [90m2 ms - 14[39m
[35m[HTTP][39m [90m[39m
[35m[HTTP][39m [37m-->[39m [37mGET[39m [37m/wd/hub/session/13dd38d6-682b-4976-9f5e-2955a9e0d50d/window/rect[39m
[35m[HTTP][39m [90m{}[39m
[35m[HTTP][39m [37m<-- GET /wd/hub/session/13dd38d6-682b-4976-9f5e-2955a9e0d50d/window/rect [39m[32m200[39m [90m24 ms - 50[39m
[35m[HTTP][39m [90m[39m
[35m[HTTP][39m [37m-->[39m [37mPOST[39m [37m/wd/hub/session/13dd38d6-682b-4976-9f5e-2955a9e0d50d/elements[39m
[35m[HTTP][39m [90m{"using":"xpath","value":"//*[@class = 'android.widget.EditText' and (@text = 'Password\nPassword' or . = 'Password\nPassword') and @resource-id = '']"}[39m
[35m[HTTP][39m [37m<-- POST /wd/hub/session/13dd38d6-682b-4976-9f5e-2955a9e0d50d/elements [39m[32m200[39m [90m558 ms - 139[39m
[35m[HTTP][39m [90m[39m
[35m[HTTP][39m [37m-->[39m [37mGET[39m [37m/wd/hub/session/13dd38d6-682b-4976-9f5e-2955a9e0d50d/element/00000000-0000-03c4-0000-003200000003/location[39m
[35m[HTTP][39m [90m{}[39m
[35m[W3C (13dd38d6)][39m Driver proxy active, passing request on via HTTP proxy
[35m[WD Proxy][39m Replacing sessionId b2d40b61-80cc-4f6c-a6bd-2dd8b3413d8a with 13dd38d6-682b-4976-9f5e-2955a9e0d50d
[35m[HTTP][39m [37m<-- GET /wd/hub/session/13dd38d6-682b-4976-9f5e-2955a9e0d50d/element/00000000-0000-03c4-0000-003200000003/location [39m[32m200[39m [90m35 ms - 78[39m
[35m[HTTP][39m [90m[39m
[35m[HTTP][39m [37m-->[39m [37mPOST[39m [37m/wd/hub/session/13dd38d6-682b-4976-9f5e-2955a9e0d50d/timeouts[39m
[35m[HTTP][39m [90m{"implicit":30000}[39m
[35m[HTTP][39m [37m<-- POST /wd/hub/session/13dd38d6-682b-4976-9f5e-2955a9e0d50d/timeouts [39m[32m200[39m [90m2 ms - 14[39m
[35m[HTTP][39m [90m[39m
[35m[HTTP][39m [37m-->[39m [37mPOST[39m [37m/wd/hub/session/13dd38d6-682b-4976-9f5e-2955a9e0d50d/element/00000000-0000-03c4-0000-003200000003/clear[39m
[35m[HTTP][39m [90m{"id":"00000000-0000-03c4-0000-003200000003"}[39m
[35m[HTTP][39m [37m<-- POST /wd/hub/session/13dd38d6-682b-4976-9f5e-2955a9e0d50d/element/00000000-0000-03c4-0000-003200000003/clear [39m[32m200[39m [90m43 ms - 14[39m
[35m[HTTP][39m [90m[39m
[35m[HTTP][39m [37m-->[39m [37mPOST[39m [37m/wd/hub/session/13dd38d6-682b-4976-9f5e-2955a9e0d50d/element/00000000-0000-03c4-0000-003200000003/value[39m
[35m[HTTP][39m [90m{"id":"00000000-0000-03c4-0000-003200000003","text":"Mobile1!","value":["M","o","b","i","l","e","1","!"]}[39m
[35m[HTTP][39m [37m<-- POST /wd/hub/session/13dd38d6-682b-4976-9f5e-2955a9e0d50d/element/00000000-0000-03c4-0000-003200000003/value [39m[32m200[39m [90m68 ms - 14[39m
[35m[HTTP][39m [90m[39m
[35m[HTTP][39m [37m-->[39m [37mPOST[39m [37m/wd/hub/session/13dd38d6-682b-4976-9f5e-2955a9e0d50d/timeouts[39m
[35m[HTTP][39m [90m{"implicit":50}[39m
[35m[HTTP][39m [37m<-- POST /wd/hub/session/13dd38d6-682b-4976-9f5e-2955a9e0d50d/timeouts [39m[32m200[39m [90m2 ms - 14[39m
[35m[HTTP][39m [90m[39m
[35m[HTTP][39m [37m-->[39m [37mGET[39m [37m/wd/hub/session/13dd38d6-682b-4976-9f5e-2955a9e0d50d/window/rect[39m
[35m[HTTP][39m [90m{}[39m
[35m[HTTP][39m [37m<-- GET /wd/hub/session/13dd38d6-682b-4976-9f5e-2955a9e0d50d/window/rect [39m[32m200[39m [90m17 ms - 50[39m
[35m[HTTP][39m [90m[39m
[35m[HTTP][39m [37m-->[39m [37mPOST[39m [37m/wd/hub/session/13dd38d6-682b-4976-9f5e-2955a9e0d50d/elements[39m
[35m[HTTP][39m [90m{"using":"xpath","value":"//hierarchy/android.widget.FrameLayout[1]/android.widget.LinearLayout[1]/android.widget.FrameLayout[1]/android.widget.FrameLayout[1]/android.view.View[1]/android.view.View[1]/android.view.View[1]/android.view.View[1]/android.widget.ScrollView[1]/android.widget.EditText[4]/android.widget.Button[1]"}[39m
[35m[HTTP][39m [37m<-- POST /wd/hub/session/13dd38d6-682b-4976-9f5e-2955a9e0d50d/elements [39m[32m200[39m [90m505 ms - 139[39m
[35m[HTTP][39m [90m[39m
[35m[HTTP][39m [37m-->[39m [37mGET[39m [37m/wd/hub/session/13dd38d6-682b-4976-9f5e-2955a9e0d50d/element/00000000-0000-03c4-0000-003300000003/location[39m
[35m[HTTP][39m [90m{}[39m
[35m[W3C (13dd38d6)][39m Driver proxy active, passing request on via HTTP proxy
[35m[WD Proxy][39m Replacing sessionId b2d40b61-80cc-4f6c-a6bd-2dd8b3413d8a with 13dd38d6-682b-4976-9f5e-2955a9e0d50d
[35m[HTTP][39m [37m<-- GET /wd/hub/session/13dd38d6-682b-4976-9f5e-2955a9e0d50d/element/00000000-0000-03c4-0000-003300000003/location [39m[32m200[39m [90m34 ms - 79[39m
[35m[HTTP][39m [90m[39m
[35m[HTTP][39m [37m-->[39m [37mPOST[39m [37m/wd/hub/session/13dd38d6-682b-4976-9f5e-2955a9e0d50d/timeouts[39m
[35m[HTTP][39m [90m{"implicit":30000}[39m
[35m[HTTP][39m [37m<-- POST /wd/hub/session/13dd38d6-682b-4976-9f5e-2955a9e0d50d/timeouts [39m[32m200[39m [90m2 ms - 14[39m
[35m[HTTP][39m [90m[39m
[35m[HTTP][39m [37m-->[39m [37mPOST[39m [37m/wd/hub/session/13dd38d6-682b-4976-9f5e-2955a9e0d50d/element/00000000-0000-03c4-0000-003300000003/click[39m
[35m[HTTP][39m [90m{"id":"00000000-0000-03c4-0000-003300000003"}[39m
[35m[HTTP][39m [37m<-- POST /wd/hub/session/13dd38d6-682b-4976-9f5e-2955a9e0d50d/element/00000000-0000-03c4-0000-003300000003/click [39m[32m200[39m [90m70 ms - 14[39m
[35m[HTTP][39m [90m[39m
[35m[HTTP][39m [37m-->[39m [37mPOST[39m [37m/wd/hub/session/13dd38d6-682b-4976-9f5e-2955a9e0d50d/timeouts[39m
[35m[HTTP][39m [90m{"implicit":50}[39m
[35m[HTTP][39m [37m<-- POST /wd/hub/session/13dd38d6-682b-4976-9f5e-2955a9e0d50d/timeouts [39m[32m200[39m [90m3 ms - 14[39m
[35m[HTTP][39m [90m[39m
[35m[HTTP][39m [37m-->[39m [37mGET[39m [37m/wd/hub/session/13dd38d6-682b-4976-9f5e-2955a9e0d50d/window/rect[39m
[35m[HTTP][39m [90m{}[39m
[35m[HTTP][39m [37m<-- GET /wd/hub/session/13dd38d6-682b-4976-9f5e-2955a9e0d50d/window/rect [39m[32m200[39m [90m19 ms - 50[39m
[35m[HTTP][39m [90m[39m
[35m[HTTP][39m [37m-->[39m [37mPOST[39m [37m/wd/hub/session/13dd38d6-682b-4976-9f5e-2955a9e0d50d/elements[39m
[35m[HTTP][39m [90m{"using":"xpath","value":"//*[@class = 'android.widget.EditText' and (@text = 'Confirm Password' or . = 'Confirm Password') and @resource-id = '']"}[39m
[35m[HTTP][39m [37m<-- POST /wd/hub/session/13dd38d6-682b-4976-9f5e-2955a9e0d50d/elements [39m[32m200[39m [90m549 ms - 139[39m
[35m[HTTP][39m [90m[39m
[35m[HTTP][39m [37m-->[39m [37mGET[39m [37m/wd/hub/session/13dd38d6-682b-4976-9f5e-2955a9e0d50d/element/00000000-0000-03c4-0000-003400000003/location[39m
[35m[HTTP][39m [90m{}[39m
[35m[W3C (13dd38d6)][39m Driver proxy active, passing request on via HTTP proxy
[35m[WD Proxy][39m Replacing sessionId b2d40b61-80cc-4f6c-a6bd-2dd8b3413d8a with 13dd38d6-682b-4976-9f5e-2955a9e0d50d
[35m[HTTP][39m [37m<-- GET /wd/hub/session/13dd38d6-682b-4976-9f5e-2955a9e0d50d/element/00000000-0000-03c4-0000-003400000003/location [39m[32m200[39m [90m57 ms - 78[39m
[35m[HTTP][39m [90m[39m
[35m[BaseDriver][39m Shutting down because we waited 1800 seconds for a command
[35m[Appium][39m Closing session, cause was 'New Command Timeout of 1800 seconds expired. Try customizing the timeout using the 'newCommandTimeout' desired capability'
[35m[Appium][39m Removing session '13dd38d6-682b-4976-9f5e-2955a9e0d50d' from our master session list
[35m[UiAutomator2][39m Did not get confirmation UiAutomator2 deleteSession worked; Error was: UnknownError: An unknown server-side error occurred while processing the command. Original error: 'DELETE /' cannot be proxied to UiAutomator2 server because the instrumentation process is not running (probably crashed). Check the server log and/or the logcat output for more details
[35m[ADB][39m com.example.fgd_flutter was not uninstalled, because it was not present on the device
[35m[UiAutomator2][39m Restoring hidden api policy to the device default configuration
