[35m[Appium][39m Welcome to Appium v1.22.3
[35m[Appium][39m Non-default server args:
[35m[Appium][39m   port: 61209
[35m[Appium][39m   loglevel: info
[35m[Appium][39m   tmpDir: C:\Users\shida\AppData\Local\Temp\\Katalon\Appium\Temp1671619832875
[35m[Appium][39m   chromedriverPort: 61210
[35m[Appium][39m Deprecated server args:
[35m[Appium][39m   [31m--chromedriver-port[39m => --default-capabilities
[35m[Appium][39m Default capabilities, which will be added to each request unless overridden by desired capabilities:
[35m[Appium][39m   chromedriverPort: 61210
[35m[Appium][39m Appium REST http interface listener started on 0.0.0.0:61209
[35m[HTTP][39m [37m-->[39m [37mGET[39m [37m/wd/hub/status[39m
[35m[HTTP][39m [90m{}[39m
[35m[HTTP][39m [37m<-- GET /wd/hub/status [39m[32m200[39m [90m12 ms - 68[39m
[35m[HTTP][39m [90m[39m
[35m[HTTP][39m [37m-->[39m [37mGET[39m [37m/wd/hub/status[39m
[35m[HTTP][39m [90m{}[39m
[35m[HTTP][39m [37m<-- GET /wd/hub/status [39m[32m200[39m [90m2 ms - 68[39m
[35m[HTTP][39m [90m[39m
[35m[HTTP][39m [37m-->[39m [37mPOST[39m [37m/wd/hub/session[39m
[35m[HTTP][39m [90m{"desiredCapabilities":{"appActivity":".Settings","appPackage":"com.android.settings","newCommandTimeout":1800,"platformVersion":"11","automationName":"uiautomator2","autoGrantPermissions":true,"platformName":"Android","udid":"5f98ccda","deviceName":"vivo vivo 1918 (Android 11)","platform":"ANDROID","systemPort":8209},"capabilities":{"firstMatch":[{"appium:appActivity":".Settings","appium:appPackage":"com.android.settings","appium:autoGrantPermissions":true,"appium:automationName":"uiautomator2","appium:deviceName":"vivo vivo 1918 (Android 11)","appium:newCommandTimeout":1800,"platform":"ANDROID","platformName":"android","appium:platformVersion":"11","appium:systemPort":8209,"appium:udid":"5f98ccda"}]}}[39m
[35m[BaseDriver][39m The following capabilities are not standard capabilities and should have an extension prefix:
[35m[BaseDriver][39m   platform
[35m[BaseDriver][39m   chromedriverPort
[35m[Appium][39m Appium v1.22.3 creating new AndroidUiautomator2Driver (v1.70.1) session
[35m[BaseDriver][39m The following capabilities were provided, but are not recognized by Appium:
[35m[BaseDriver][39m   platform
[35m[BaseDriver][39m Session created with session id: 5d4a935e-6f4c-4d3b-b970-01d55c2825d3
[35m[UiAutomator2][39m Starting 'com.android.settings' directly on the device
[35m[ADB][39m Found 1 'build-tools' folders under 'C:\Users\shida\.katalon\tools\android_sdk' (newest first):
[35m[ADB][39m     C:/Users/shida/.katalon/tools/android_sdk/build-tools/29.0.3
[35m[ADB][39m Using 'adb.exe' from 'C:\Users\shida\.katalon\tools\android_sdk\platform-tools\adb.exe'
[35m[AndroidDriver][39m Retrieving device list
[35m[AndroidDriver][39m Using device: 5f98ccda
[35m[ADB][39m Using 'adb.exe' from 'C:\Users\shida\.katalon\tools\android_sdk\platform-tools\adb.exe'
[35m[ADB][39m Getting device platform version
[35m[UiAutomator2][39m Relaxing hidden api policy
[35m[AndroidDriver][39m No app sent in, not parsing package/activity
[35m[ADB][39m Using 'apksigner.jar' from 'C:\Users\shida\.katalon\tools\android_sdk\build-tools\29.0.3\lib\apksigner.jar'
[35m[ADB][39m 'C:\Users\shida\AppData\Roaming\npm\node_modules\appium\node_modules\appium-uiautomator2-server\apks\appium-uiautomator2-server-v4.27.0.apk' is signed with the default certificate
[35m[ADB][39m 'C:\Users\shida\AppData\Roaming\npm\node_modules\appium\node_modules\appium-uiautomator2-server\apks\appium-uiautomator2-server-debug-androidTest.apk' is signed with the default certificate
[35m[UiAutomator2][39m Server packages are not going to be (re)installed
[35m[ADB][39m Adding packages ["io.appium.settings","io.appium.uiautomator2.server","io.appium.uiautomator2.server.test"] to Doze whitelist
[35m[UiAutomator2][39m Starting UIAutomator2 server 4.27.0
[35m[UiAutomator2][39m Using UIAutomator2 server from 'C:\Users\shida\AppData\Roaming\npm\node_modules\appium\node_modules\appium-uiautomator2-server\apks\appium-uiautomator2-server-v4.27.0.apk' and test from 'C:\Users\shida\AppData\Roaming\npm\node_modules\appium\node_modules\appium-uiautomator2-server\apks\appium-uiautomator2-server-debug-androidTest.apk'
[35m[UiAutomator2][39m Waiting up to 30000ms for UiAutomator2 to be online...
[35m[WD Proxy][39m socket hang up
[35m[WD Proxy][39m socket hang up
[35m[WD Proxy][39m socket hang up
[35m[WD Proxy][39m Determined the downstream protocol as 'W3C'
[35m[AndroidDriver][39m Screen already unlocked, doing nothing
[35m[UiAutomator2][39m Starting 'com.android.settings/.Settings and waiting for 'com.android.settings/.Settings'
[35m[Appium][39m New AndroidUiautomator2Driver session created successfully, session 5d4a935e-6f4c-4d3b-b970-01d55c2825d3 added to master session list
[35m[HTTP][39m [37m<-- POST /wd/hub/session [39m[32m200[39m [90m14022 ms - 1138[39m
[35m[HTTP][39m [90m[39m
[35m[HTTP][39m [37m-->[39m [37mGET[39m [37m/wd/hub/session/5d4a935e-6f4c-4d3b-b970-01d55c2825d3[39m
[35m[HTTP][39m [90m{}[39m
[35m[HTTP][39m [37m<-- GET /wd/hub/session/5d4a935e-6f4c-4d3b-b970-01d55c2825d3 [39m[32m200[39m [90m34 ms - 1092[39m
[35m[HTTP][39m [90m[39m
[35m[HTTP][39m [37m-->[39m [37mGET[39m [37m/wd/hub/session/5d4a935e-6f4c-4d3b-b970-01d55c2825d3[39m
[35m[HTTP][39m [90m{}[39m
[35m[HTTP][39m [37m<-- GET /wd/hub/session/5d4a935e-6f4c-4d3b-b970-01d55c2825d3 [39m[32m200[39m [90m23 ms - 1092[39m
[35m[HTTP][39m [90m[39m
[35m[HTTP][39m [37m-->[39m [37mGET[39m [37m/wd/hub/status[39m
[35m[HTTP][39m [90m{}[39m
[35m[HTTP][39m [37m<-- GET /wd/hub/status [39m[32m200[39m [90m1 ms - 68[39m
[35m[HTTP][39m [90m[39m
[35m[HTTP][39m [37m-->[39m [37mPOST[39m [37m/wd/hub/session/5d4a935e-6f4c-4d3b-b970-01d55c2825d3/timeouts[39m
[35m[HTTP][39m [90m{"implicit":60000}[39m
[35m[HTTP][39m [37m<-- POST /wd/hub/session/5d4a935e-6f4c-4d3b-b970-01d55c2825d3/timeouts [39m[32m200[39m [90m6 ms - 14[39m
[35m[HTTP][39m [90m[39m
[35m[HTTP][39m [37m-->[39m [37mGET[39m [37m/wd/hub/session/5d4a935e-6f4c-4d3b-b970-01d55c2825d3/screenshot[39m
[35m[HTTP][39m [90m{}[39m
[35m[HTTP][39m [37m<-- GET /wd/hub/session/5d4a935e-6f4c-4d3b-b970-01d55c2825d3/screenshot [39m[32m200[39m [90m582 ms - 52766[39m
[35m[HTTP][39m [90m[39m
[35m[HTTP][39m [37m-->[39m [37mGET[39m [37m/wd/hub/session/5d4a935e-6f4c-4d3b-b970-01d55c2825d3/window/rect[39m
[35m[HTTP][39m [90m{}[39m
[35m[HTTP][39m [37m<-- GET /wd/hub/session/5d4a935e-6f4c-4d3b-b970-01d55c2825d3/window/rect [39m[32m200[39m [90m45 ms - 50[39m
[35m[HTTP][39m [90m[39m
[35m[HTTP][39m [37m-->[39m [37mGET[39m [37m/wd/hub/session/5d4a935e-6f4c-4d3b-b970-01d55c2825d3/appium/device/system_bars[39m
[35m[HTTP][39m [90m{}[39m
[35m[HTTP][39m [37m<-- GET /wd/hub/session/5d4a935e-6f4c-4d3b-b970-01d55c2825d3/appium/device/system_bars [39m[31m500[39m [90m266 ms - 647[39m
[35m[HTTP][39m [90m[39m
[35m[HTTP][39m [37m-->[39m [37mPOST[39m [37m/wd/hub/session/5d4a935e-6f4c-4d3b-b970-01d55c2825d3/execute/sync[39m
[35m[HTTP][39m [90m{"script":"mobile:viewportRect","args":[]}[39m
[35m[AndroidDriver][39m Executing native command 'mobile:viewportRect'
[35m[HTTP][39m [37m<-- POST /wd/hub/session/5d4a935e-6f4c-4d3b-b970-01d55c2825d3/execute/sync [39m[32m200[39m [90m29 ms - 56[39m
[35m[HTTP][39m [90m[39m
[35m[HTTP][39m [37m-->[39m [37mPOST[39m [37m/wd/hub/session/5d4a935e-6f4c-4d3b-b970-01d55c2825d3/appium/device/activate_app[39m
[35m[HTTP][39m [90m{"bundleId":"com.example.fgd_flutter"}[39m
[35m[HTTP][39m [37m<-- POST /wd/hub/session/5d4a935e-6f4c-4d3b-b970-01d55c2825d3/appium/device/activate_app [39m[32m200[39m [90m2503 ms - 14[39m
[35m[HTTP][39m [90m[39m
[35m[HTTP][39m [37m-->[39m [37mGET[39m [37m/wd/hub/session/5d4a935e-6f4c-4d3b-b970-01d55c2825d3/source[39m
[35m[HTTP][39m [90m{}[39m
[35m[W3C (5d4a935e)][39m Driver proxy active, passing request on via HTTP proxy
[35m[WD Proxy][39m Replacing sessionId 53ed9089-b9e8-45f2-a8de-5937f3ec7a79 with 5d4a935e-6f4c-4d3b-b970-01d55c2825d3
[35m[HTTP][39m [37m<-- GET /wd/hub/session/5d4a935e-6f4c-4d3b-b970-01d55c2825d3/source [39m[32m200[39m [90m607 ms - 10879[39m
[35m[HTTP][39m [90m[39m
[35m[HTTP][39m [37m-->[39m [37mGET[39m [37m/wd/hub/session/5d4a935e-6f4c-4d3b-b970-01d55c2825d3/screenshot[39m
[35m[HTTP][39m [90m{}[39m
[35m[HTTP][39m [37m<-- GET /wd/hub/session/5d4a935e-6f4c-4d3b-b970-01d55c2825d3/screenshot [39m[32m200[39m [90m721 ms - 163012[39m
[35m[HTTP][39m [90m[39m
[35m[HTTP][39m [37m-->[39m [37mPOST[39m [37m/wd/hub/session/5d4a935e-6f4c-4d3b-b970-01d55c2825d3/elements[39m
[35m[HTTP][39m [90m{"using":"xpath","value":"//*[@class = 'android.widget.EditText' and (@text = 'Username / Email' or . = 'Username / Email') and @resource-id = '']"}[39m
[35m[HTTP][39m [37m<-- POST /wd/hub/session/5d4a935e-6f4c-4d3b-b970-01d55c2825d3/elements [39m[32m200[39m [90m786 ms - 139[39m
[35m[HTTP][39m [90m[39m
[35m[HTTP][39m [37m-->[39m [37mGET[39m [37m/wd/hub/session/5d4a935e-6f4c-4d3b-b970-01d55c2825d3/window/rect[39m
[35m[HTTP][39m [90m{}[39m
[35m[HTTP][39m [37m<-- GET /wd/hub/session/5d4a935e-6f4c-4d3b-b970-01d55c2825d3/window/rect [39m[32m200[39m [90m23 ms - 50[39m
[35m[HTTP][39m [90m[39m
[35m[HTTP][39m [37m-->[39m [37mPOST[39m [37m/wd/hub/session/5d4a935e-6f4c-4d3b-b970-01d55c2825d3/elements[39m
[35m[HTTP][39m [90m{"using":"xpath","value":"//*[@class = 'android.widget.EditText' and (@text = 'Username / Email' or . = 'Username / Email') and @resource-id = '']"}[39m
[35m[HTTP][39m [37m<-- POST /wd/hub/session/5d4a935e-6f4c-4d3b-b970-01d55c2825d3/elements [39m[32m200[39m [90m152 ms - 139[39m
[35m[HTTP][39m [90m[39m
[35m[HTTP][39m [37m-->[39m [37mGET[39m [37m/wd/hub/session/5d4a935e-6f4c-4d3b-b970-01d55c2825d3/element/00000000-0000-04d3-0000-008d00000003/location[39m
[35m[HTTP][39m [90m{}[39m
[35m[W3C (5d4a935e)][39m Driver proxy active, passing request on via HTTP proxy
[35m[WD Proxy][39m Replacing sessionId 53ed9089-b9e8-45f2-a8de-5937f3ec7a79 with 5d4a935e-6f4c-4d3b-b970-01d55c2825d3
[35m[HTTP][39m [37m<-- GET /wd/hub/session/5d4a935e-6f4c-4d3b-b970-01d55c2825d3/element/00000000-0000-04d3-0000-008d00000003/location [39m[32m200[39m [90m47 ms - 77[39m
[35m[HTTP][39m [90m[39m[35m[BaseDriver][39m Shutting down because we waited 1800 seconds for a command
[35m[Appium][39m Closing session, cause was 'New Command Timeout of 1800 seconds expired. Try customizing the timeout using the 'newCommandTimeout' desired capability'
[35m[Appium][39m Removing session '9093d5b5-dba3-4847-8a89-fde474e6f28b' from our master session list
[35m[UiAutomator2][39m Did not get confirmation UiAutomator2 deleteSession worked; Error was: UnknownError: An unknown server-side error occurred while processing the command. Original error: 'DELETE /' cannot be proxied to UiAutomator2 server because the instrumentation process is not running (probably crashed). Check the server log and/or the logcat output for more details
[35m[ADB][39m Error sending command, reconnecting device and retrying: shell,am,force-stop,com.android.settings
[35m[UiAutomator2][39m Unable to force stop app: Could not find a connected Android device in 20171ms.
[35m[ADB][39m Error sending command, reconnecting device and retrying: forward,--remove,tcp:8221
[35m[UiAutomator2][39m Unable to remove system port forward: Could not find a connected Android device in 20204ms.
[35m[UiAutomator2][39m Restoring hidden api policy to the device default configuration
[35m[ADB][39m Error sending command, reconnecting device and retrying: shell,settings delete global hidden_api_policy_pre_p_apps;settings delete global hidden_api_policy_p_apps;settings delete global hidden_api_policy
ext = 'Username / Email\nUsername / Email' or . = 'Username / Email\nUsername / Email') and @resource-id = '']"}[39m
[35m[HTTP][39m [37m<-- POST /wd/hub/session/5d4a935e-6f4c-4d3b-b970-01d55c2825d3/elements [39m[32m200[39m [90m137 ms - 139[39m
[35m[HTTP][39m [90m[39m
[35m[HTTP][39m [37m-->[39m [37mGET[39m [37m/wd/hub/session/5d4a935e-6f4c-4d3b-b970-01d55c2825d3/window/rect[39m
[35m[HTTP][39m [90m{}[39m
[35m[HTTP][39m [37m<-- GET /wd/hub/session/5d4a935e-6f4c-4d3b-b970-01d55c2825d3/window/rect [39m[32m200[39m [90m21 ms - 50[39m
[35m[HTTP][39m [90m[39m
[35m[HTTP][39m [37m-->[39m [37mPOST[39m [37m/wd/hub/session/5d4a935e-6f4c-4d3b-b970-01d55c2825d3/elements[39m
[35m[HTTP][39m [90m{"using":"xpath","value":"//*[@class = 'android.widget.EditText' and (@text = 'Username / Email\nUsername / Email' or . = 'Username / Email\nUsername / Email') and @resource-id = '']"}[39m
[35m[HTTP][39m [37m<-- POST /wd/hub/session/5d4a935e-6f4c-4d3b-b970-01d55c2825d3/elements [39m[32m200[39m [90m114 ms - 139[39m
[35m[HTTP][39m [90m[39m
[35m[HTTP][39m [37m-->[39m [37mGET[39m [37m/wd/hub/session/5d4a935e-6f4c-4d3b-b970-01d55c2825d3/element/00000000-0000-04d3-0000-008d00000003/location[39m
[35m[HTTP][39m [90m{}[39m
[35m[W3C (5d4a935e)][39m Driver proxy active, passing request on via HTTP proxy
[35m[WD Proxy][39m Replacing sessionId 53ed9089-b9e8-45f2-a8de-5937f3ec7a79 with 5d4a935e-6f4c-4d3b-b970-01d55c2825d3
[35m[HTTP][39m [37m<-- GET /wd/hub/session/5d4a935e-6f4c-4d3b-b970-01d55c2825d3/element/00000000-0000-04d3-0000-008d00000003/location [39m[32m200[39m [90m29 ms - 77[39m
[35m[HTTP][39m [90m[39m
[35m[HTTP][39m [37m-->[39m [37mPOST[39m [37m/wd/hub/session/5d4a935e-6f4c-4d3b-b970-01d55c2825d3/element/00000000-0000-04d3-0000-008d00000003/clear[39m
[35m[HTTP][39m [90m{"id":"00000000-0000-04d3-0000-008d00000003"}[39m
[35m[HTTP][39m [37m<-- POST /wd/hub/session/5d4a935e-6f4c-4d3b-b970-01d55c2825d3/element/00000000-0000-04d3-0000-008d00000003/clear [39m[32m200[39m [90m46 ms - 14[39m
[35m[HTTP][39m [90m[39m
[35m[HTTP][39m [37m-->[39m [37mPOST[39m [37m/wd/hub/session/5d4a935e-6f4c-4d3b-b970-01d55c2825d3/element/00000000-0000-04d3-0000-008d00000003/value[39m
[35m[HTTP][39m [90m{"id":"00000000-0000-04d3-0000-008d00000003","text":"mobiletesting@gmail.com","value":["m","o","b","i","l","e","t","e","s","t","i","n","g","@","g","m","a","i","l",".","c","o","m"]}[39m
[35m[HTTP][39m [37m<-- POST /wd/hub/session/5d4a935e-6f4c-4d3b-b970-01d55c2825d3/element/00000000-0000-04d3-0000-008d00000003/value [39m[32m200[39m [90m56 ms - 14[39m
[35m[HTTP][39m [90m[39m
[35m[HTTP][39m [37m-->[39m [37mGET[39m [37m/wd/hub/session/5d4a935e-6f4c-4d3b-b970-01d55c2825d3/source[39m
[35m[HTTP][39m [90m{}[39m
[35m[W3C (5d4a935e)][39m Driver proxy active, passing request on via HTTP proxy
[35m[WD Proxy][39m Replacing sessionId 53ed9089-b9e8-45f2-a8de-5937f3ec7a79 with 5d4a935e-6f4c-4d3b-b970-01d55c2825d3
[35m[HTTP][39m [37m<-- GET /wd/hub/session/5d4a935e-6f4c-4d3b-b970-01d55c2825d3/source [39m[32m200[39m [90m241 ms - 8418[39m
[35m[HTTP][39m [90m[39m
[35m[HTTP][39m [37m-->[39m [37mGET[39m [37m/wd/hub/session/5d4a935e-6f4c-4d3b-b970-01d55c2825d3/screenshot[39m
[35m[HTTP][39m [90m{}[39m
[35m[HTTP][39m [37m<-- GET /wd/hub/session/5d4a935e-6f4c-4d3b-b970-01d55c2825d3/screenshot [39m[32m200[39m [90m1139 ms - 223878[39m
[35m[HTTP][39m [90m[39m
[35m[HTTP][39m [37m-->[39m [37mPOST[39m [37m/wd/hub/session/5d4a935e-6f4c-4d3b-b970-01d55c2825d3/elements[39m
[35m[HTTP][39m [90m{"using":"xpath","value":"//*[@class = 'android.widget.EditText' and (@text = 'Password' or . = 'Password') and @resource-id = '']"}[39m
[35m[HTTP][39m [37m<-- POST /wd/hub/session/5d4a935e-6f4c-4d3b-b970-01d55c2825d3/elements [39m[32m200[39m [90m25045 ms - 139[39m
[35m[HTTP][39m [90m[39m
[35m[HTTP][39m [37m-->[39m [37mGET[39m [37m/wd/hub/session/5d4a935e-6f4c-4d3b-b970-01d55c2825d3/window/rect[39m
[35m[HTTP][39m [90m{}[39m
[35m[HTTP][39m [37m<-- GET /wd/hub/session/5d4a935e-6f4c-4d3b-b970-01d55c2825d3/window/rect [39m[32m200[39m [90m21 ms - 50[39m
[35m[HTTP][39m [90m[39m
[35m[HTTP][39m [37m-->[39m [37mPOST[39m [37m/wd/hub/session/5d4a935e-6f4c-4d3b-b970-01d55c2825d3/elements[39m
[35m[HTTP][39m [90m{"using":"xpath","value":"//*[@class = 'android.widget.EditText' and (@text = 'Password' or . = 'Password') and @resource-id = '']"}[39m
[35m[HTTP][39m [37m<-- POST /wd/hub/session/5d4a935e-6f4c-4d3b-b970-01d55c2825d3/elements [39m[32m200[39m [90m49 ms - 139[39m
[35m[HTTP][39m [90m[39m
[35m[HTTP][39m [37m-->[39m [37mGET[39m [37m/wd/hub/session/5d4a935e-6f4c-4d3b-b970-01d55c2825d3/element/00000000-0000-04d3-0000-008e00000003/location[39m
[35m[HTTP][39m [90m{}[39m
[35m[W3C (5d4a935e)][39m Driver proxy active, passing request on via HTTP proxy
[35m[WD Proxy][39m Replacing sessionId 53ed9089-b9e8-45f2-a8de-5937f3ec7a79 with 5d4a935e-6f4c-4d3b-b970-01d55c2825d3
[35m[HTTP][39m [37m<-- GET /wd/hub/session/5d4a935e-6f4c-4d3b-b970-01d55c2825d3/element/00000000-0000-04d3-0000-008e00000003/location [39m[32m200[39m [90m35 ms - 77[39m
[35m[HTTP][39m [90m[39m
[35m[HTTP][39m [37m-->[39m [37mPOST[39m [37m/wd/hub/session/5d4a935e-6f4c-4d3b-b970-01d55c2825d3/element/00000000-0000-04d3-0000-008e00000003/click[39m
[35m[HTTP][39m [90m{"id":"00000000-0000-04d3-0000-008e00000003"}[39m
[35m[HTTP][39m [37m<-- POST /wd/hub/session/5d4a935e-6f4c-4d3b-b970-01d55c2825d3/element/00000000-0000-04d3-0000-008e00000003/click [39m[32m200[39m [90m71 ms - 14[39m
[35m[HTTP][39m [90m[39m
[35m[HTTP][39m [37m-->[39m [37mGET[39m [37m/wd/hub/session/5d4a935e-6f4c-4d3b-b970-01d55c2825d3/source[39m
[35m[HTTP][39m [90m{}[39m
[35m[W3C (5d4a935e)][39m Driver proxy active, passing request on via HTTP proxy
[35m[WD Proxy][39m Replacing sessionId 53ed9089-b9e8-45f2-a8de-5937f3ec7a79 with 5d4a935e-6f4c-4d3b-b970-01d55c2825d3
[35m[HTTP][39m [37m<-- GET /wd/hub/session/5d4a935e-6f4c-4d3b-b970-01d55c2825d3/source [39m[32m200[39m [90m248 ms - 8410[39m
[35m[HTTP][39m [90m[39m
[35m[HTTP][39m [37m-->[39m [37mGET[39m [37m/wd/hub/session/5d4a935e-6f4c-4d3b-b970-01d55c2825d3/screenshot[39m
[35m[HTTP][39m [90m{}[39m
[35m[HTTP][39m [37m<-- GET /wd/hub/session/5d4a935e-6f4c-4d3b-b970-01d55c2825d3/screenshot [39m[32m200[39m [90m918 ms - 203208[39m
[35m[HTTP][39m [90m[39m
[35m[HTTP][39m [37m-->[39m [37mPOST[39m [37m/wd/hub/session/5d4a935e-6f4c-4d3b-b970-01d55c2825d3/elements[39m
[35m[HTTP][39m [90m{"using":"xpath","value":"//*[@class = 'android.widget.EditText' and (@text = 'Password\nPassword' or . = 'Password\nPassword') and @resource-id = '']"}[39m
[35m[HTTP][39m [37m<-- POST /wd/hub/session/5d4a935e-6f4c-4d3b-b970-01d55c2825d3/elements [39m[32m200[39m [90m88 ms - 139[39m
[35m[HTTP][39m [90m[39m
[35m[HTTP][39m [37m-->[39m [37mGET[39m [37m/wd/hub/session/5d4a935e-6f4c-4d3b-b970-01d55c2825d3/window/rect[39m
[35m[HTTP][39m [90m{}[39m
[35m[HTTP][39m [37m<-- GET /wd/hub/session/5d4a935e-6f4c-4d3b-b970-01d55c2825d3/window/rect [39m[32m200[39m [90m38 ms - 50[39m
[35m[HTTP][39m [90m[39m
[35m[HTTP][39m [37m-->[39m [37mPOST[39m [37m/wd/hub/session/5d4a935e-6f4c-4d3b-b970-01d55c2825d3/elements[39m
[35m[HTTP][39m [90m{"using":"xpath","value":"//*[@class = 'android.widget.EditText' and (@text = 'Password\nPassword' or . = 'Password\nPassword') and @resource-id = '']"}[39m
[35m[HTTP][39m [37m<-- POST /wd/hub/session/5d4a935e-6f4c-4d3b-b970-01d55c2825d3/elements [39m[32m200[39m [90m114 ms - 139[39m
[35m[HTTP][39m [90m[39m
[35m[HTTP][39m [37m-->[39m [37mGET[39m [37m/wd/hub/session/5d4a935e-6f4c-4d3b-b970-01d55c2825d3/element/00000000-0000-04d3-0000-008e00000003/location[39m
[35m[HTTP][39m [90m{}[39m
[35m[W3C (5d4a935e)][39m Driver proxy active, passing request on via HTTP proxy
[35m[WD Proxy][39m Replacing sessionId 53ed9089-b9e8-45f2-a8de-5937f3ec7a79 with 5d4a935e-6f4c-4d3b-b970-01d55c2825d3
[35m[HTTP][39m [37m<-- GET /wd/hub/session/5d4a935e-6f4c-4d3b-b970-01d55c2825d3/element/00000000-0000-04d3-0000-008e00000003/location [39m[32m200[39m [90m32 ms - 77[39m
[35m[HTTP][39m [90m[39m
[35m[HTTP][39m [37m-->[39m [37mPOST[39m [37m/wd/hub/session/5d4a935e-6f4c-4d3b-b970-01d55c2825d3/element/00000000-0000-04d3-0000-008e00000003/clear[39m
[35m[HTTP][39m [90m{"id":"00000000-0000-04d3-0000-008e00000003"}[39m
[35m[HTTP][39m [37m<-- POST /wd/hub/session/5d4a935e-6f4c-4d3b-b970-01d55c2825d3/element/00000000-0000-04d3-0000-008e00000003/clear [39m[32m200[39m [90m40 ms - 14[39m
[35m[HTTP][39m [90m[39m
[35m[HTTP][39m [37m-->[39m [37mPOST[39m [37m/wd/hub/session/5d4a935e-6f4c-4d3b-b970-01d55c2825d3/element/00000000-0000-04d3-0000-008e00000003/value[39m
[35m[HTTP][39m [90m{"id":"00000000-0000-04d3-0000-008e00000003","text":"Mobile1!","value":["M","o","b","i","l","e","1","!"]}[39m
[35m[HTTP][39m [37m<-- POST /wd/hub/session/5d4a935e-6f4c-4d3b-b970-01d55c2825d3/element/00000000-0000-04d3-0000-008e00000003/value [39m[32m200[39m [90m61 ms - 14[39m
[35m[HTTP][39m [90m[39m
[35m[HTTP][39m [37m-->[39m [37mGET[39m [37m/wd/hub/session/5d4a935e-6f4c-4d3b-b970-01d55c2825d3/source[39m
[35m[HTTP][39m [90m{}[39m
[35m[W3C (5d4a935e)][39m Driver proxy active, passing request on via HTTP proxy
[35m[WD Proxy][39m Replacing sessionId 53ed9089-b9e8-45f2-a8de-5937f3ec7a79 with 5d4a935e-6f4c-4d3b-b970-01d55c2825d3
[35m[HTTP][39m [37m<-- GET /wd/hub/session/5d4a935e-6f4c-4d3b-b970-01d55c2825d3/source [39m[32m200[39m [90m216 ms - 8428[39m
[35m[HTTP][39m [90m[39m
[35m[HTTP][39m [37m-->[39m [37mGET[39m [37m/wd/hub/session/5d4a935e-6f4c-4d3b-b970-01d55c2825d3/screenshot[39m
[35m[HTTP][39m [90m{}[39m
[35m[HTTP][39m [37m<-- GET /wd/hub/session/5d4a935e-6f4c-4d3b-b970-01d55c2825d3/screenshot [39m[32m200[39m [90m568 ms - 199956[39m
[35m[HTTP][39m [90m[39m
[35m[HTTP][39m [37m-->[39m [37mPOST[39m [37m/wd/hub/session/5d4a935e-6f4c-4d3b-b970-01d55c2825d3/elements[39m
[35m[HTTP][39m [90m{"using":"xpath","value":"//*[@class = 'android.widget.Button' and @resource-id = '' and (@text = '' or . = '')]"}[39m
[35m[HTTP][39m [37m<-- POST /wd/hub/session/5d4a935e-6f4c-4d3b-b970-01d55c2825d3/elements [39m[32m200[39m [90m76 ms - 395[39m
[35m[HTTP][39m [90m[39m
[35m[HTTP][39m [37m-->[39m [37mPOST[39m [37m/wd/hub/session/5d4a935e-6f4c-4d3b-b970-01d55c2825d3/elements[39m
[35m[HTTP][39m [90m{"using":"accessibility id","value":"Sign In"}[39m
[35m[HTTP][39m [37m<-- POST /wd/hub/session/5d4a935e-6f4c-4d3b-b970-01d55c2825d3/elements [39m[32m200[39m [90m65 ms - 139[39m
[35m[HTTP][39m [90m[39m
[35m[HTTP][39m [37m-->[39m [37mGET[39m [37m/wd/hub/session/5d4a935e-6f4c-4d3b-b970-01d55c2825d3/window/rect[39m
[35m[HTTP][39m [90m{}[39m
[35m[HTTP][39m [37m<-- GET /wd/hub/session/5d4a935e-6f4c-4d3b-b970-01d55c2825d3/window/rect [39m[32m200[39m [90m36 ms - 50[39m
[35m[HTTP][39m [90m[39m
[35m[HTTP][39m [37m-->[39m [37mPOST[39m [37m/wd/hub/session/5d4a935e-6f4c-4d3b-b970-01d55c2825d3/elements[39m
[35m[HTTP][39m [90m{"using":"accessibility id","value":"Sign In"}[39m
[35m[HTTP][39m [37m<-- POST /wd/hub/session/5d4a935e-6f4c-4d3b-b970-01d55c2825d3/elements [39m[32m200[39m [90m62 ms - 139[39m
[35m[HTTP][39m [90m[39m
[35m[HTTP][39m [37m-->[39m [37mGET[39m [37m/wd/hub/session/5d4a935e-6f4c-4d3b-b970-01d55c2825d3/element/00000000-0000-04d3-0000-009100000003/location[39m
[35m[HTTP][39m [90m{}[39m
[35m[W3C (5d4a935e)][39m Driver proxy active, passing request on via HTTP proxy
[35m[WD Proxy][39m Replacing sessionId 53ed9089-b9e8-45f2-a8de-5937f3ec7a79 with 5d4a935e-6f4c-4d3b-b970-01d55c2825d3
[35m[HTTP][39m [37m<-- GET /wd/hub/session/5d4a935e-6f4c-4d3b-b970-01d55c2825d3/element/00000000-0000-04d3-0000-009100000003/location [39m[32m200[39m [90m69 ms - 78[39m
[35m[HTTP][39m [90m[39m
[35m[HTTP][39m [37m-->[39m [37mPOST[39m [37m/wd/hub/session/5d4a935e-6f4c-4d3b-b970-01d55c2825d3/element/00000000-0000-04d3-0000-009100000003/click[39m
[35m[HTTP][39m [90m{"id":"00000000-0000-04d3-0000-009100000003"}[39m
[35m[HTTP][39m [37m<-- POST /wd/hub/session/5d4a935e-6f4c-4d3b-b970-01d55c2825d3/element/00000000-0000-04d3-0000-009100000003/click [39m[32m200[39m [90m112 ms - 14[39m
[35m[HTTP][39m [90m[39m
[35m[HTTP][39m [37m-->[39m [37mGET[39m [37m/wd/hub/session/5d4a935e-6f4c-4d3b-b970-01d55c2825d3/source[39m
[35m[HTTP][39m [90m{}[39m
[35m[W3C (5d4a935e)][39m Driver proxy active, passing request on via HTTP proxy
[35m[WD Proxy][39m Replacing sessionId 53ed9089-b9e8-45f2-a8de-5937f3ec7a79 with 5d4a935e-6f4c-4d3b-b970-01d55c2825d3
[35m[HTTP][39m [37m<-- GET /wd/hub/session/5d4a935e-6f4c-4d3b-b970-01d55c2825d3/source [39m[32m200[39m [90m1060 ms - 18735[39m
[35m[HTTP][39m [90m[39m
[35m[HTTP][39m [37m-->[39m [37mGET[39m [37m/wd/hub/session/5d4a935e-6f4c-4d3b-b970-01d55c2825d3/screenshot[39m
[35m[HTTP][39m [90m{}[39m
[35m[HTTP][39m [37m<-- GET /wd/hub/session/5d4a935e-6f4c-4d3b-b970-01d55c2825d3/screenshot [39m[32m200[39m [90m584 ms - 332986[39m
[35m[HTTP][39m [90m[39m
[35m[HTTP][39m [37m-->[39m [37mPOST[39m [37m/wd/hub/session/5d4a935e-6f4c-4d3b-b970-01d55c2825d3/elements[39m
[35m[HTTP][39m [90m{"using":"xpath","value":"//*[@class = 'android.widget.Button' and @resource-id = '' and (@text = '' or . = '')]"}[39m
[35m[HTTP][39m [37m<-- POST /wd/hub/session/5d4a935e-6f4c-4d3b-b970-01d55c2825d3/elements [39m[32m200[39m [90m99 ms - 139[39m
[35m[HTTP][39m [90m[39m
[35m[HTTP][39m [37m-->[39m [37mGET[39m [37m/wd/hub/session/5d4a935e-6f4c-4d3b-b970-01d55c2825d3/window/rect[39m
[35m[HTTP][39m [90m{}[39m
[35m[HTTP][39m [37m<-- GET /wd/hub/session/5d4a935e-6f4c-4d3b-b970-01d55c2825d3/window/rect [39m[32m200[39m [90m19 ms - 50[39m
[35m[HTTP][39m [90m[39m
[35m[HTTP][39m [37m-->[39m [37mPOST[39m [37m/wd/hub/session/5d4a935e-6f4c-4d3b-b970-01d55c2825d3/elements[39m
[35m[HTTP][39m [90m{"using":"xpath","value":"//*[@class = 'android.widget.Button' and @resource-id = '' and (@text = '' or . = '')]"}[39m
[35m[HTTP][39m [37m<-- POST /wd/hub/session/5d4a935e-6f4c-4d3b-b970-01d55c2825d3/elements [39m[32m200[39m [90m107 ms - 139[39m
[35m[HTTP][39m [90m[39m
[35m[HTTP][39m [37m-->[39m [37mGET[39m [37m/wd/hub/session/5d4a935e-6f4c-4d3b-b970-01d55c2825d3/element/00000000-0000-04d3-0000-00c300000003/location[39m
[35m[HTTP][39m [90m{}[39m
[35m[W3C (5d4a935e)][39m Driver proxy active, passing request on via HTTP proxy
[35m[WD Proxy][39m Replacing sessionId 53ed9089-b9e8-45f2-a8de-5937f3ec7a79 with 5d4a935e-6f4c-4d3b-b970-01d55c2825d3
[35m[HTTP][39m [37m<-- GET /wd/hub/session/5d4a935e-6f4c-4d3b-b970-01d55c2825d3/element/00000000-0000-04d3-0000-00c300000003/location [39m[32m200[39m [90m35 ms - 79[39m
[35m[HTTP][39m [90m[39m
[35m[HTTP][39m [37m-->[39m [37mPOST[39m [37m/wd/hub/session/5d4a935e-6f4c-4d3b-b970-01d55c2825d3/element/00000000-0000-04d3-0000-00c300000003/click[39m
[35m[HTTP][39m [90m{"id":"00000000-0000-04d3-0000-00c300000003"}[39m
[35m[HTTP][39m [37m<-- POST /wd/hub/session/5d4a935e-6f4c-4d3b-b970-01d55c2825d3/element/00000000-0000-04d3-0000-00c300000003/click [39m[32m200[39m [90m98 ms - 14[39m
[35m[HTTP][39m [90m[39m
[35m[HTTP][39m [37m-->[39m [37mGET[39m [37m/wd/hub/session/5d4a935e-6f4c-4d3b-b970-01d55c2825d3/source[39m
[35m[HTTP][39m [90m{}[39m
[35m[W3C (5d4a935e)][39m Driver proxy active, passing request on via HTTP proxy
[35m[WD Proxy][39m Replacing sessionId 53ed9089-b9e8-45f2-a8de-5937f3ec7a79 with 5d4a935e-6f4c-4d3b-b970-01d55c2825d3
[35m[HTTP][39m [37m<-- GET /wd/hub/session/5d4a935e-6f4c-4d3b-b970-01d55c2825d3/source [39m[32m200[39m [90m393 ms - 8689[39m
[35m[HTTP][39m [90m[39m
[35m[HTTP][39m [37m-->[39m [37mGET[39m [37m/wd/hub/session/5d4a935e-6f4c-4d3b-b970-01d55c2825d3/screenshot[39m
[35m[HTTP][39m [90m{}[39m
[35m[HTTP][39m [37m<-- GET /wd/hub/session/5d4a935e-6f4c-4d3b-b970-01d55c2825d3/screenshot [39m[32m200[39m [90m589 ms - 86618[39m
[35m[HTTP][39m [90m[39m
[35m[HTTP][39m [37m-->[39m [37mPOST[39m [37m/wd/hub/session/5d4a935e-6f4c-4d3b-b970-01d55c2825d3/elements[39m
[35m[HTTP][39m [90m{"using":"xpath","value":"//*[@class = 'android.widget.EditText' and (@text = 'Add an interesting title' or . = 'Add an interesting title') and @resource-id = '']"}[39m
[35m[HTTP][39m [37m<-- POST /wd/hub/session/5d4a935e-6f4c-4d3b-b970-01d55c2825d3/elements [39m[32m200[39m [90m92 ms - 139[39m
[35m[HTTP][39m [90m[39m
[35m[HTTP][39m [37m-->[39m [37mGET[39m [37m/wd/hub/session/5d4a935e-6f4c-4d3b-b970-01d55c2825d3/window/rect[39m
[35m[HTTP][39m [90m{}[39m
[35m[HTTP][39m [37m<-- GET /wd/hub/session/5d4a935e-6f4c-4d3b-b970-01d55c2825d3/window/rect [39m[32m200[39m [90m28 ms - 50[39m
[35m[HTTP][39m [90m[39m
[35m[HTTP][39m [37m-->[39m [37mPOST[39m [37m/wd/hub/session/5d4a935e-6f4c-4d3b-b970-01d55c2825d3/elements[39m
[35m[HTTP][39m [90m{"using":"xpath","value":"//*[@class = 'android.widget.EditText' and (@text = 'Add an interesting title' or . = 'Add an interesting title') and @resource-id = '']"}[39m
[35m[HTTP][39m [37m<-- POST /wd/hub/session/5d4a935e-6f4c-4d3b-b970-01d55c2825d3/elements [39m[32m200[39m [90m87 ms - 139[39m
[35m[HTTP][39m [90m[39m
[35m[HTTP][39m [37m-->[39m [37mGET[39m [37m/wd/hub/session/5d4a935e-6f4c-4d3b-b970-01d55c2825d3/element/00000000-0000-04d3-0000-00d200000003/location[39m
[35m[HTTP][39m [90m{}[39m
[35m[W3C (5d4a935e)][39m Driver proxy active, passing request on via HTTP proxy
[35m[WD Proxy][39m Replacing sessionId 53ed9089-b9e8-45f2-a8de-5937f3ec7a79 with 5d4a935e-6f4c-4d3b-b970-01d55c2825d3
[35m[HTTP][39m [37m<-- GET /wd/hub/session/5d4a935e-6f4c-4d3b-b970-01d55c2825d3/element/00000000-0000-04d3-0000-00d200000003/location [39m[32m200[39m [90m31 ms - 77[39m
[35m[HTTP][39m [90m[39m
[35m[HTTP][39m [37m-->[39m [37mPOST[39m [37m/wd/hub/session/5d4a935e-6f4c-4d3b-b970-01d55c2825d3/element/00000000-0000-04d3-0000-00d200000003/click[39m
[35m[HTTP][39m [90m{"id":"00000000-0000-04d3-0000-00d200000003"}[39m
[35m[HTTP][39m [37m<-- POST /wd/hub/session/5d4a935e-6f4c-4d3b-b970-01d55c2825d3/element/00000000-0000-04d3-0000-00d200000003/click [39m[32m200[39m [90m86 ms - 14[39m
[35m[HTTP][39m [90m[39m
[35m[HTTP][39m [37m-->[39m [37mGET[39m [37m/wd/hub/session/5d4a935e-6f4c-4d3b-b970-01d55c2825d3/source[39m
[35m[HTTP][39m [90m{}[39m
[35m[W3C (5d4a935e)][39m Driver proxy active, passing request on via HTTP proxy
[35m[WD Proxy][39m Replacing sessionId 53ed9089-b9e8-45f2-a8de-5937f3ec7a79 with 5d4a935e-6f4c-4d3b-b970-01d55c2825d3
[35m[HTTP][39m [37m<-- GET /wd/hub/session/5d4a935e-6f4c-4d3b-b970-01d55c2825d3/source [39m[32m200[39m [90m688 ms - 6561[39m
[35m[HTTP][39m [90m[39m
[35m[HTTP][39m [37m-->[39m [37mGET[39m [37m/wd/hub/session/5d4a935e-6f4c-4d3b-b970-01d55c2825d3/screenshot[39m
[35m[HTTP][39m [90m{}[39m
[35m[HTTP][39m [37m<-- GET /wd/hub/session/5d4a935e-6f4c-4d3b-b970-01d55c2825d3/screenshot [39m[32m200[39m [90m566 ms - 140564[39m
[35m[HTTP][39m [90m[39m
[35m[HTTP][39m [37m-->[39m [37mPOST[39m [37m/wd/hub/session/5d4a935e-6f4c-4d3b-b970-01d55c2825d3/elements[39m
[35m[HTTP][39m [90m{"using":"xpath","value":"//*[@class = 'android.widget.EditText' and (@text = 'Add an interesting title' or . = 'Add an interesting title') and @resource-id = '']"}[39m
[35m[HTTP][39m [37m<-- POST /wd/hub/session/5d4a935e-6f4c-4d3b-b970-01d55c2825d3/elements [39m[32m200[39m [90m105 ms - 139[39m
[35m[HTTP][39m [90m[39m
[35m[HTTP][39m [37m-->[39m [37mGET[39m [37m/wd/hub/session/5d4a935e-6f4c-4d3b-b970-01d55c2825d3/window/rect[39m
[35m[HTTP][39m [90m{}[39m
[35m[HTTP][39m [37m<-- GET /wd/hub/session/5d4a935e-6f4c-4d3b-b970-01d55c2825d3/window/rect [39m[32m200[39m [90m29 ms - 50[39m
[35m[HTTP][39m [90m[39m
[35m[HTTP][39m [37m-->[39m [37mPOST[39m [37m/wd/hub/session/5d4a935e-6f4c-4d3b-b970-01d55c2825d3/elements[39m
[35m[HTTP][39m [90m{"using":"xpath","value":"//*[@class = 'android.widget.EditText' and (@text = 'Add an interesting title' or . = 'Add an interesting title') and @resource-id = '']"}[39m
[35m[HTTP][39m [37m<-- POST /wd/hub/session/5d4a935e-6f4c-4d3b-b970-01d55c2825d3/elements [39m[32m200[39m [90m96 ms - 139[39m
[35m[HTTP][39m [90m[39m
[35m[HTTP][39m [37m-->[39m [37mGET[39m [37m/wd/hub/session/5d4a935e-6f4c-4d3b-b970-01d55c2825d3/element/00000000-0000-04d3-0000-00d200000003/location[39m
[35m[HTTP][39m [90m{}[39m
[35m[W3C (5d4a935e)][39m Driver proxy active, passing request on via HTTP proxy
[35m[WD Proxy][39m Replacing sessionId 53ed9089-b9e8-45f2-a8de-5937f3ec7a79 with 5d4a935e-6f4c-4d3b-b970-01d55c2825d3
[35m[HTTP][39m [37m<-- GET /wd/hub/session/5d4a935e-6f4c-4d3b-b970-01d55c2825d3/element/00000000-0000-04d3-0000-00d200000003/location [39m[32m200[39m [90m32 ms - 77[39m
[35m[HTTP][39m [90m[39m
[35m[HTTP][39m [37m-->[39m [37mPOST[39m [37m/wd/hub/session/5d4a935e-6f4c-4d3b-b970-01d55c2825d3/element/00000000-0000-04d3-0000-00d200000003/clear[39m
[35m[HTTP][39m [90m{"id":"00000000-0000-04d3-0000-00d200000003"}[39m
[35m[HTTP][39m [37m<-- POST /wd/hub/session/5d4a935e-6f4c-4d3b-b970-01d55c2825d3/element/00000000-0000-04d3-0000-00d200000003/clear [39m[32m200[39m [90m38 ms - 14[39m
[35m[HTTP][39m [90m[39m
[35m[HTTP][39m [37m-->[39m [37mPOST[39m [37m/wd/hub/session/5d4a935e-6f4c-4d3b-b970-01d55c2825d3/element/00000000-0000-04d3-0000-00d200000003/value[39m
[35m[HTTP][39m [90m{"id":"00000000-0000-04d3-0000-00d200000003","text":"Prospek gaji programmer tahun 3000, Bikin kamu joget","value":["P","r","o","s","p","e","k"," ","g","a","j","i"," ","p","r","o","g","r","a","m","m","e","r"," ","t","a","h","u","n"," ","3","0","0","0",","," ","B","i","k","i","n"," ","k","a","m","u"," ","j","o","g","e","t"]}[39m
[35m[HTTP][39m [37m<-- POST /wd/hub/session/5d4a935e-6f4c-4d3b-b970-01d55c2825d3/element/00000000-0000-04d3-0000-00d200000003/value [39m[32m200[39m [90m74 ms - 14[39m
[35m[HTTP][39m [90m[39m
[35m[HTTP][39m [37m-->[39m [37mGET[39m [37m/wd/hub/session/5d4a935e-6f4c-4d3b-b970-01d55c2825d3/source[39m
[35m[HTTP][39m [90m{}[39m
[35m[W3C (5d4a935e)][39m Driver proxy active, passing request on via HTTP proxy
[35m[WD Proxy][39m Replacing sessionId 53ed9089-b9e8-45f2-a8de-5937f3ec7a79 with 5d4a935e-6f4c-4d3b-b970-01d55c2825d3
[35m[HTTP][39m [37m<-- GET /wd/hub/session/5d4a935e-6f4c-4d3b-b970-01d55c2825d3/source [39m[32m200[39m [90m92 ms - 6615[39m
[35m[HTTP][39m [90m[39m
[35m[HTTP][39m [37m-->[39m [37mGET[39m [37m/wd/hub/session/5d4a935e-6f4c-4d3b-b970-01d55c2825d3/screenshot[39m
[35m[HTTP][39m [90m{}[39m
[35m[HTTP][39m [37m<-- GET /wd/hub/session/5d4a935e-6f4c-4d3b-b970-01d55c2825d3/screenshot [39m[32m200[39m [90m943 ms - 148032[39m
[35m[HTTP][39m [90m[39m
[35m[HTTP][39m [37m-->[39m [37mPOST[39m [37m/wd/hub/session/5d4a935e-6f4c-4d3b-b970-01d55c2825d3/elements[39m
[35m[HTTP][39m [90m{"using":"xpath","value":"//*[@class = 'android.widget.EditText' and (@text = 'Write something...' or . = 'Write something...') and @resource-id = '']"}[39m
[35m[HTTP][39m [37m<-- POST /wd/hub/session/5d4a935e-6f4c-4d3b-b970-01d55c2825d3/elements [39m[32m200[39m [90m104 ms - 139[39m
[35m[HTTP][39m [90m[39m
[35m[HTTP][39m [37m-->[39m [37mGET[39m [37m/wd/hub/session/5d4a935e-6f4c-4d3b-b970-01d55c2825d3/window/rect[39m
[35m[HTTP][39m [90m{}[39m
[35m[HTTP][39m [37m<-- GET /wd/hub/session/5d4a935e-6f4c-4d3b-b970-01d55c2825d3/window/rect [39m[32m200[39m [90m28 ms - 50[39m
[35m[HTTP][39m [90m[39m
[35m[HTTP][39m [37m-->[39m [37mPOST[39m [37m/wd/hub/session/5d4a935e-6f4c-4d3b-b970-01d55c2825d3/elements[39m
[35m[HTTP][39m [90m{"using":"xpath","value":"//*[@class = 'android.widget.EditText' and (@text = 'Write something...' or . = 'Write something...') and @resource-id = '']"}[39m
[35m[HTTP][39m [37m<-- POST /wd/hub/session/5d4a935e-6f4c-4d3b-b970-01d55c2825d3/elements [39m[32m200[39m [90m563 ms - 139[39m
[35m[HTTP][39m [90m[39m
[35m[HTTP][39m [37m-->[39m [37mGET[39m [37m/wd/hub/session/5d4a935e-6f4c-4d3b-b970-01d55c2825d3/element/00000000-0000-04d3-0000-00d300000003/location[39m
[35m[HTTP][39m [90m{}[39m
[35m[W3C (5d4a935e)][39m Driver proxy active, passing request on via HTTP proxy
[35m[WD Proxy][39m Replacing sessionId 53ed9089-b9e8-45f2-a8de-5937f3ec7a79 with 5d4a935e-6f4c-4d3b-b970-01d55c2825d3
[35m[HTTP][39m [37m<-- GET /wd/hub/session/5d4a935e-6f4c-4d3b-b970-01d55c2825d3/element/00000000-0000-04d3-0000-00d300000003/location [39m[32m200[39m [90m30 ms - 77[39m
[35m[HTTP][39m [90m[39m
[35m[HTTP][39m [37m-->[39m [37mPOST[39m [37m/wd/hub/session/5d4a935e-6f4c-4d3b-b970-01d55c2825d3/element/00000000-0000-04d3-0000-00d300000003/click[39m
[35m[HTTP][39m [90m{"id":"00000000-0000-04d3-0000-00d300000003"}[39m
[35m[HTTP][39m [37m<-- POST /wd/hub/session/5d4a935e-6f4c-4d3b-b970-01d55c2825d3/element/00000000-0000-04d3-0000-00d300000003/click [39m[32m200[39m [90m102 ms - 14[39m
[35m[HTTP][39m [90m[39m
[35m[HTTP][39m [37m-->[39m [37mGET[39m [37m/wd/hub/session/5d4a935e-6f4c-4d3b-b970-01d55c2825d3/source[39m
[35m[HTTP][39m [90m{}[39m
[35m[W3C (5d4a935e)][39m Driver proxy active, passing request on via HTTP proxy
[35m[WD Proxy][39m Replacing sessionId 53ed9089-b9e8-45f2-a8de-5937f3ec7a79 with 5d4a935e-6f4c-4d3b-b970-01d55c2825d3
[35m[HTTP][39m [37m<-- GET /wd/hub/session/5d4a935e-6f4c-4d3b-b970-01d55c2825d3/source [39m[32m200[39m [90m157 ms - 6615[39m
[35m[HTTP][39m [90m[39m
[35m[HTTP][39m [37m-->[39m [37mGET[39m [37m/wd/hub/session/5d4a935e-6f4c-4d3b-b970-01d55c2825d3/screenshot[39m
[35m[HTTP][39m [90m{}[39m
[35m[HTTP][39m [37m<-- GET /wd/hub/session/5d4a935e-6f4c-4d3b-b970-01d55c2825d3/screenshot [39m[32m200[39m [90m557 ms - 147790[39m
[35m[HTTP][39m [90m[39m
[35m[HTTP][39m [37m-->[39m [37mPOST[39m [37m/wd/hub/session/5d4a935e-6f4c-4d3b-b970-01d55c2825d3/elements[39m
[35m[HTTP][39m [90m{"using":"xpath","value":"//*[@class = 'android.widget.EditText' and (@text = 'Write something...' or . = 'Write something...') and @resource-id = '']"}[39m
[35m[HTTP][39m [37m<-- POST /wd/hub/session/5d4a935e-6f4c-4d3b-b970-01d55c2825d3/elements [39m[32m200[39m [90m88 ms - 139[39m
[35m[HTTP][39m [90m[39m
[35m[HTTP][39m [37m-->[39m [37mGET[39m [37m/wd/hub/session/5d4a935e-6f4c-4d3b-b970-01d55c2825d3/window/rect[39m
[35m[HTTP][39m [90m{}[39m
[35m[HTTP][39m [37m<-- GET /wd/hub/session/5d4a935e-6f4c-4d3b-b970-01d55c2825d3/window/rect [39m[32m200[39m [90m31 ms - 50[39m
[35m[HTTP][39m [90m[39m
[35m[HTTP][39m [37m-->[39m [37mPOST[39m [37m/wd/hub/session/5d4a935e-6f4c-4d3b-b970-01d55c2825d3/elements[39m
[35m[HTTP][39m [90m{"using":"xpath","value":"//*[@class = 'android.widget.EditText' and (@text = 'Write something...' or . = 'Write something...') and @resource-id = '']"}[39m
[35m[HTTP][39m [37m<-- POST /wd/hub/session/5d4a935e-6f4c-4d3b-b970-01d55c2825d3/elements [39m[32m200[39m [90m101 ms - 139[39m
[35m[HTTP][39m [90m[39m
[35m[HTTP][39m [37m-->[39m [37mGET[39m [37m/wd/hub/session/5d4a935e-6f4c-4d3b-b970-01d55c2825d3/element/00000000-0000-04d3-0000-00d300000003/location[39m
[35m[HTTP][39m [90m{}[39m
[35m[W3C (5d4a935e)][39m Driver proxy active, passing request on via HTTP proxy
[35m[WD Proxy][39m Replacing sessionId 53ed9089-b9e8-45f2-a8de-5937f3ec7a79 with 5d4a935e-6f4c-4d3b-b970-01d55c2825d3
[35m[HTTP][39m [37m<-- GET /wd/hub/session/5d4a935e-6f4c-4d3b-b970-01d55c2825d3/element/00000000-0000-04d3-0000-00d300000003/location [39m[32m200[39m [90m41 ms - 77[39m
[35m[HTTP][39m [90m[39m
[35m[HTTP][39m [37m-->[39m [37mPOST[39m [37m/wd/hub/session/5d4a935e-6f4c-4d3b-b970-01d55c2825d3/element/00000000-0000-04d3-0000-00d300000003/clear[39m
[35m[HTTP][39m [90m{"id":"00000000-0000-04d3-0000-00d300000003"}[39m
[35m[HTTP][39m [37m<-- POST /wd/hub/session/5d4a935e-6f4c-4d3b-b970-01d55c2825d3/element/00000000-0000-04d3-0000-00d300000003/clear [39m[32m200[39m [90m37 ms - 14[39m
[35m[HTTP][39m [90m[39m
[35m[HTTP][39m [37m-->[39m [37mPOST[39m [37m/wd/hub/session/5d4a935e-6f4c-4d3b-b970-01d55c2825d3/element/00000000-0000-04d3-0000-00d300000003/value[39m
[35m[HTTP][39m [90m{"id":"00000000-0000-04d3-0000-00d300000003","text":"Gua pengen udahan ","value":["G","u","a"," ","p","e","n","g","e","n"," ","u","d","a","h","a","n"," "]}[39m
[35m[HTTP][39m [37m<-- POST /wd/hub/session/5d4a935e-6f4c-4d3b-b970-01d55c2825d3/element/00000000-0000-04d3-0000-00d300000003/value [39m[32m200[39m [90m62 ms - 14[39m
[35m[HTTP][39m [90m[39m
[35m[HTTP][39m [37m-->[39m [37mGET[39m [37m/wd/hub/session/5d4a935e-6f4c-4d3b-b970-01d55c2825d3/source[39m
[35m[HTTP][39m [90m{}[39m
[35m[W3C (5d4a935e)][39m Driver proxy active, passing request on via HTTP proxy
[35m[WD Proxy][39m Replacing sessionId 53ed9089-b9e8-45f2-a8de-5937f3ec7a79 with 5d4a935e-6f4c-4d3b-b970-01d55c2825d3
[35m[HTTP][39m [37m<-- GET /wd/hub/session/5d4a935e-6f4c-4d3b-b970-01d55c2825d3/source [39m[32m200[39m [90m89 ms - 6635[39m
[35m[HTTP][39m [90m[39m
[35m[HTTP][39m [37m-->[39m [37mGET[39m [37m/wd/hub/session/5d4a935e-6f4c-4d3b-b970-01d55c2825d3/screenshot[39m
[35m[HTTP][39m [90m{}[39m
[35m[HTTP][39m [37m<-- GET /wd/hub/session/5d4a935e-6f4c-4d3b-b970-01d55c2825d3/screenshot [39m[32m200[39m [90m579 ms - 148180[39m
[35m[HTTP][39m [90m[39m
[35m[HTTP][39m [37m-->[39m [37mPOST[39m [37m/wd/hub/session/5d4a935e-6f4c-4d3b-b970-01d55c2825d3/elements[39m
[35m[HTTP][39m [90m{"using":"xpath","value":"//*[@class = 'android.view.View' and @resource-id = '' and (@text = '' or . = '')]"}[39m
[35m[HTTP][39m [37m<-- POST /wd/hub/session/5d4a935e-6f4c-4d3b-b970-01d55c2825d3/elements [39m[32m200[39m [90m125 ms - 1035[39m
[35m[HTTP][39m [90m[39m
[35m[HTTP][39m [37m-->[39m [37mPOST[39m [37m/wd/hub/session/5d4a935e-6f4c-4d3b-b970-01d55c2825d3/elements[39m
[35m[HTTP][39m [90m{"using":"accessibility id","value":"Post"}[39m
[35m[HTTP][39m [37m<-- POST /wd/hub/session/5d4a935e-6f4c-4d3b-b970-01d55c2825d3/elements [39m[32m200[39m [90m44 ms - 139[39m
[35m[HTTP][39m [90m[39m
[35m[HTTP][39m [37m-->[39m [37mGET[39m [37m/wd/hub/session/5d4a935e-6f4c-4d3b-b970-01d55c2825d3/window/rect[39m
[35m[HTTP][39m [90m{}[39m
[35m[HTTP][39m [37m<-- GET /wd/hub/session/5d4a935e-6f4c-4d3b-b970-01d55c2825d3/window/rect [39m[32m200[39m [90m24 ms - 50[39m
[35m[HTTP][39m [90m[39m
[35m[HTTP][39m [37m-->[39m [37mPOST[39m [37m/wd/hub/session/5d4a935e-6f4c-4d3b-b970-01d55c2825d3/elements[39m
[35m[HTTP][39m [90m{"using":"accessibility id","value":"Post"}[39m
[35m[HTTP][39m [37m<-- POST /wd/hub/session/5d4a935e-6f4c-4d3b-b970-01d55c2825d3/elements [39m[32m200[39m [90m57 ms - 139[39m
[35m[HTTP][39m [90m[39m
[35m[HTTP][39m [37m-->[39m [37mGET[39m [37m/wd/hub/session/5d4a935e-6f4c-4d3b-b970-01d55c2825d3/element/00000000-0000-04d3-0000-00dd00000003/location[39m
[35m[HTTP][39m [90m{}[39m
[35m[W3C (5d4a935e)][39m Driver proxy active, passing request on via HTTP proxy
[35m[WD Proxy][39m Replacing sessionId 53ed9089-b9e8-45f2-a8de-5937f3ec7a79 with 5d4a935e-6f4c-4d3b-b970-01d55c2825d3
[35m[HTTP][39m [37m<-- GET /wd/hub/session/5d4a935e-6f4c-4d3b-b970-01d55c2825d3/element/00000000-0000-04d3-0000-00dd00000003/location [39m[32m200[39m [90m35 ms - 77[39m
[35m[HTTP][39m [90m[39m
[35m[HTTP][39m [37m-->[39m [37mPOST[39m [37m/wd/hub/session/5d4a935e-6f4c-4d3b-b970-01d55c2825d3/element/00000000-0000-04d3-0000-00dd00000003/click[39m
[35m[HTTP][39m [90m{"id":"00000000-0000-04d3-0000-00dd00000003"}[39m
[35m[HTTP][39m [37m<-- POST /wd/hub/session/5d4a935e-6f4c-4d3b-b970-01d55c2825d3/element/00000000-0000-04d3-0000-00dd00000003/click [39m[32m200[39m [90m79 ms - 14[39m
[35m[HTTP][39m [90m[39m
[35m[HTTP][39m [37m-->[39m [37mGET[39m [37m/wd/hub/session/5d4a935e-6f4c-4d3b-b970-01d55c2825d3/source[39m
[35m[HTTP][39m [90m{}[39m
[35m[W3C (5d4a935e)][39m Driver proxy active, passing request on via HTTP proxy
[35m[WD Proxy][39m Replacing sessionId 53ed9089-b9e8-45f2-a8de-5937f3ec7a79 with 5d4a935e-6f4c-4d3b-b970-01d55c2825d3
[35m[HTTP][39m [37m<-- GET /wd/hub/session/5d4a935e-6f4c-4d3b-b970-01d55c2825d3/source [39m[32m200[39m [90m571 ms - 19133[39m
[35m[HTTP][39m [90m[39m
[35m[HTTP][39m [37m-->[39m [37mGET[39m [37m/wd/hub/session/5d4a935e-6f4c-4d3b-b970-01d55c2825d3/screenshot[39m
[35m[HTTP][39m [90m{}[39m
[35m[HTTP][39m [37m<-- GET /wd/hub/session/5d4a935e-6f4c-4d3b-b970-01d55c2825d3/screenshot [39m[32m200[39m [90m593 ms - 364478[39m
[35m[HTTP][39m [90m[39m
[35m[HTTP][39m [37m-->[39m [37mDELETE[39m [37m/wd/hub/session/5d4a935e-6f4c-4d3b-b970-01d55c2825d3[39m
[35m[HTTP][39m [90m{}[39m
[35m[Appium][39m Removing session 5d4a935e-6f4c-4d3b-b970-01d55c2825d3 from our master session list
[35m[UiAutomator2][39m Restoring hidden api policy to the device default configuration
[35m[HTTP][39m [37m<-- DELETE /wd/hub/session/5d4a935e-6f4c-4d3b-b970-01d55c2825d3 [39m[32m200[39m [90m1081 ms - 14[39m
[35m[HTTP][39m [90m[39m
